<?xml version="1.0" encoding="UTF-8"?>
<coverage generated="1776803244568" clover="3.2.0">
  <project timestamp="1776803244568" name="All files">
    <metrics statements="247" coveredstatements="220" conditionals="367" coveredconditionals="261" methods="27" coveredmethods="27" elements="641" coveredelements="508" complexity="0" loc="247" ncloc="247" packages="1" files="2" classes="2"/>
    <file name="parser.js" path="C:\Users\A\Documents\SWIM\source\swim-service\parser.js">
      <metrics statements="79" coveredstatements="73" conditionals="104" coveredconditionals="72" methods="8" coveredmethods="8"/>
      <line num="22" count="1" type="stmt"/>
      <line num="65" count="1" type="stmt"/>
      <line num="387" count="1" type="stmt"/>
      <line num="407" count="18" type="cond" truecount="1" falsecount="1"/>
      <line num="408" count="18" type="stmt"/>
      <line num="409" count="18" type="cond" truecount="1" falsecount="1"/>
      <line num="410" count="18" type="cond" truecount="1" falsecount="1"/>
      <line num="411" count="18" type="cond" truecount="3" falsecount="1"/>
      <line num="412" count="0" type="stmt"/>
      <line num="416" count="10" type="cond" truecount="1" falsecount="1"/>
      <line num="417" count="10" type="stmt"/>
      <line num="418" count="10" type="cond" truecount="2" falsecount="0"/>
      <line num="419" count="9" type="cond" truecount="1" falsecount="1"/>
      <line num="420" count="9" type="stmt"/>
      <line num="421" count="9" type="cond" truecount="1" falsecount="1"/>
      <line num="426" count="109" type="stmt"/>
      <line num="427" count="109" type="cond" truecount="2" falsecount="0"/>
      <line num="432" count="81" type="stmt"/>
      <line num="433" count="81" type="stmt"/>
      <line num="434" count="81" type="cond" truecount="2" falsecount="0"/>
      <line num="439" count="26" type="stmt"/>
      <line num="440" count="26" type="stmt"/>
      <line num="441" count="26" type="cond" truecount="2" falsecount="0"/>
      <line num="446" count="36" type="cond" truecount="2" falsecount="0"/>
      <line num="447" count="22" type="cond" truecount="1" falsecount="1"/>
      <line num="448" count="22" type="cond" truecount="1" falsecount="1"/>
      <line num="449" count="22" type="cond" truecount="1" falsecount="1"/>
      <line num="452" count="0" type="cond" truecount="0" falsecount="2"/>
      <line num="453" count="0" type="stmt"/>
      <line num="454" count="0" type="stmt"/>
      <line num="455" count="0" type="cond" truecount="0" falsecount="2"/>
      <line num="457" count="0" type="stmt"/>
      <line num="462" count="18" type="stmt"/>
      <line num="463" count="18" type="stmt"/>
      <line num="464" count="18" type="cond" truecount="2" falsecount="0"/>
      <line num="465" count="8" type="stmt"/>
      <line num="466" count="8" type="stmt"/>
      <line num="467" count="8" type="cond" truecount="2" falsecount="0"/>
      <line num="473" count="10" type="cond" truecount="2" falsecount="0"/>
      <line num="474" count="9" type="stmt"/>
      <line num="477" count="9" type="stmt"/>
      <line num="479" count="9" type="stmt"/>
      <line num="480" count="10" type="stmt"/>
      <line num="481" count="10" type="stmt"/>
      <line num="484" count="10" type="stmt"/>
      <line num="485" count="10" type="cond" truecount="1" falsecount="1"/>
      <line num="486" count="10" type="stmt"/>
      <line num="487" count="10" type="cond" truecount="2" falsecount="0"/>
      <line num="489" count="9" type="cond" truecount="1" falsecount="1"/>
      <line num="490" count="9" type="cond" truecount="1" falsecount="2"/>
      <line num="491" count="9" type="cond" truecount="1" falsecount="1"/>
      <line num="494" count="9" type="cond" truecount="1" falsecount="2"/>
      <line num="495" count="9" type="cond" truecount="1" falsecount="2"/>
      <line num="496" count="9" type="stmt"/>
      <line num="497" count="9" type="stmt"/>
      <line num="500" count="9" type="stmt"/>
      <line num="501" count="9" type="stmt"/>
      <line num="506" count="9" type="cond" truecount="1" falsecount="3"/>
      <line num="509" count="9" type="stmt"/>
      <line num="510" count="9" type="stmt"/>
      <line num="513" count="9" type="cond" truecount="3" falsecount="0"/>
      <line num="517" count="9" type="cond" truecount="5" falsecount="0"/>
      <line num="524" count="9" type="cond" truecount="4" falsecount="0"/>
      <line num="525" count="9" type="cond" truecount="4" falsecount="0"/>
      <line num="526" count="9" type="stmt"/>
      <line num="527" count="9" type="stmt"/>
      <line num="528" count="9" type="stmt"/>
      <line num="531" count="9" type="cond" truecount="2" falsecount="0"/>
      <line num="535" count="9" type="cond" truecount="3" falsecount="0"/>
      <line num="540" count="9" type="cond" truecount="2" falsecount="0"/>
      <line num="541" count="9" type="cond" truecount="1" falsecount="1"/>
      <line num="542" count="9" type="cond" truecount="2" falsecount="0"/>
      <line num="543" count="9" type="cond" truecount="1" falsecount="2"/>
      <line num="544" count="9" type="cond" truecount="2" falsecount="2"/>
      <line num="545" count="9" type="cond" truecount="2" falsecount="1"/>
      <line num="546" count="9" type="cond" truecount="4" falsecount="0"/>
      <line num="548" count="9" type="stmt"/>
      <line num="585" count="9" type="stmt"/>
      <line num="588" count="1" type="stmt"/>
    </file>
    <file name="sfdps-parser.js" path="C:\Users\A\Documents\SWIM\source\swim-service\sfdps-parser.js">
      <metrics statements="168" coveredstatements="147" conditionals="263" coveredconditionals="189" methods="19" coveredmethods="19"/>
      <line num="18" count="1" type="stmt"/>
      <line num="47" count="2" type="cond" truecount="1" falsecount="1"/>
      <line num="48" count="2" type="stmt"/>
      <line num="49" count="2" type="cond" truecount="1" falsecount="1"/>
      <line num="51" count="2" type="cond" truecount="4" falsecount="1"/>
      <line num="52" count="0" type="stmt"/>
      <line num="57" count="12" type="cond" truecount="1" falsecount="1"/>
      <line num="58" count="12" type="stmt"/>
      <line num="60" count="12" type="stmt"/>
      <line num="61" count="12" type="cond" truecount="1" falsecount="1"/>
      <line num="63" count="0" type="stmt"/>
      <line num="64" count="0" type="stmt"/>
      <line num="65" count="0" type="cond" truecount="0" falsecount="2"/>
      <line num="66" count="0" type="stmt"/>
      <line num="70" count="1" type="stmt"/>
      <line num="71" count="1" type="stmt"/>
      <line num="82" count="252" type="stmt"/>
      <line num="83" count="252" type="stmt"/>
      <line num="84" count="252" type="cond" truecount="2" falsecount="0"/>
      <line num="89" count="576" type="stmt"/>
      <line num="90" count="576" type="stmt"/>
      <line num="91" count="576" type="cond" truecount="1" falsecount="1"/>
      <line num="99" count="19" type="stmt"/>
      <line num="100" count="19" type="stmt"/>
      <line num="101" count="19" type="cond" truecount="2" falsecount="0"/>
      <line num="106" count="217" type="stmt"/>
      <line num="107" count="217" type="stmt"/>
      <line num="108" count="217" type="cond" truecount="2" falsecount="0"/>
      <line num="110" count="18" type="stmt"/>
      <line num="111" count="18" type="cond" truecount="1" falsecount="1"/>
      <line num="112" count="18" type="stmt"/>
      <line num="113" count="18" type="stmt"/>
      <line num="114" count="18" type="stmt"/>
      <line num="115" count="18" type="cond" truecount="2" falsecount="0"/>
      <line num="116" count="16" type="stmt"/>
      <line num="121" count="413" type="cond" truecount="2" falsecount="0"/>
      <line num="122" count="26" type="stmt"/>
      <line num="123" count="26" type="cond" truecount="1" falsecount="1"/>
      <line num="124" count="26" type="stmt"/>
      <line num="125" count="26" type="cond" truecount="1" falsecount="1"/>
      <line num="126" count="26" type="stmt"/>
      <line num="136" count="216" type="stmt"/>
      <line num="137" count="216" type="cond" truecount="2" falsecount="0"/>
      <line num="138" count="216" type="cond" truecount="4" falsecount="0"/>
      <line num="140" count="193" type="stmt"/>
      <line num="141" count="193" type="cond" truecount="2" falsecount="0"/>
      <line num="143" count="1" type="cond" truecount="1" falsecount="4"/>
      <line num="148" count="1" type="cond" truecount="1" falsecount="1"/>
      <line num="149" count="1" type="cond" truecount="3" falsecount="1"/>
      <line num="152" count="0" type="cond" truecount="0" falsecount="3"/>
      <line num="155" count="0" type="cond" truecount="0" falsecount="2"/>
      <line num="156" count="0" type="cond" truecount="0" falsecount="4"/>
      <line num="160" count="192" type="cond" truecount="3" falsecount="0"/>
      <line num="163" count="192" type="cond" truecount="2" falsecount="0"/>
      <line num="164" count="192" type="cond" truecount="2" falsecount="2"/>
      <line num="166" count="192" type="stmt"/>
      <line num="170" count="192" type="stmt"/>
      <line num="171" count="192" type="cond" truecount="1" falsecount="1"/>
      <line num="172" count="0" type="stmt"/>
      <line num="173" count="0" type="cond" truecount="0" falsecount="4"/>
      <line num="175" count="192" type="stmt"/>
      <line num="181" count="11" type="cond" truecount="1" falsecount="1"/>
      <line num="182" count="11" type="stmt"/>
      <line num="183" count="11" type="stmt"/>
      <line num="184" count="0" type="stmt"/>
      <line num="190" count="14" type="cond" truecount="3" falsecount="0"/>
      <line num="193" count="14" type="cond" truecount="2" falsecount="0"/>
      <line num="196" count="3" type="cond" truecount="2" falsecount="0"/>
      <line num="198" count="3" type="cond" truecount="2" falsecount="0"/>
      <line num="200" count="2" type="stmt"/>
      <line num="201" count="2" type="cond" truecount="1" falsecount="1"/>
      <line num="206" count="2" type="stmt"/>
      <line num="207" count="2" type="stmt"/>
      <line num="208" count="2" type="cond" truecount="2" falsecount="0"/>
      <line num="209" count="2" type="cond" truecount="4" falsecount="0"/>
      <line num="212" count="2" type="cond" truecount="2" falsecount="0"/>
      <line num="214" count="2" type="cond" truecount="2" falsecount="0"/>
      <line num="215" count="2" type="cond" truecount="4" falsecount="0"/>
      <line num="217" count="2" type="cond" truecount="2" falsecount="0"/>
      <line num="218" count="1" type="stmt"/>
      <line num="219" count="1" type="stmt"/>
      <line num="223" count="1" type="cond" truecount="2" falsecount="0"/>
      <line num="227" count="1" type="stmt"/>
      <line num="232" count="14" type="cond" truecount="2" falsecount="0"/>
      <line num="233" count="5" type="stmt"/>
      <line num="234" count="5" type="stmt"/>
      <line num="237" count="14" type="stmt"/>
      <line num="240" count="14" type="stmt"/>
      <line num="242" count="14" type="stmt"/>
      <line num="243" count="14" type="stmt"/>
      <line num="244" count="13" type="stmt"/>
      <line num="248" count="14" type="stmt"/>
      <line num="249" count="14" type="cond" truecount="2" falsecount="0"/>
      <line num="250" count="1" type="stmt"/>
      <line num="252" count="13" type="stmt"/>
      <line num="253" count="13" type="stmt"/>
      <line num="254" count="13" type="cond" truecount="1" falsecount="1"/>
      <line num="255" count="13" type="stmt"/>
      <line num="259" count="14" type="stmt"/>
      <line num="260" count="14" type="stmt"/>
      <line num="261" count="14" type="cond" truecount="2" falsecount="0"/>
      <line num="264" count="14" type="cond" truecount="1" falsecount="1"/>
      <line num="269" count="0" type="cond" truecount="0" falsecount="2"/>
      <line num="270" count="0" type="stmt"/>
      <line num="273" count="0" type="stmt"/>
      <line num="278" count="14" type="stmt"/>
      <line num="283" count="14" type="stmt"/>
      <line num="284" count="14" type="cond" truecount="2" falsecount="0"/>
      <line num="286" count="12" type="stmt"/>
      <line num="287" count="12" type="cond" truecount="1" falsecount="1"/>
      <line num="290" count="12" type="stmt"/>
      <line num="291" count="12" type="stmt"/>
      <line num="293" count="12" type="cond" truecount="2" falsecount="0"/>
      <line num="294" count="12" type="cond" truecount="2" falsecount="0"/>
      <line num="297" count="12" type="cond" truecount="2" falsecount="0"/>
      <line num="299" count="1" type="cond" truecount="2" falsecount="1"/>
      <line num="301" count="1" type="cond" truecount="1" falsecount="1"/>
      <line num="303" count="12" type="cond" truecount="2" falsecount="0"/>
      <line num="305" count="8" type="cond" truecount="2" falsecount="1"/>
      <line num="307" count="8" type="cond" truecount="2" falsecount="0"/>
      <line num="311" count="12" type="cond" truecount="2" falsecount="2"/>
      <line num="312" count="0" type="cond" truecount="0" falsecount="2"/>
      <line num="313" count="0" type="cond" truecount="0" falsecount="5"/>
      <line num="314" count="0" type="cond" truecount="0" falsecount="4"/>
      <line num="316" count="12" type="cond" truecount="3" falsecount="1"/>
      <line num="317" count="0" type="cond" truecount="0" falsecount="2"/>
      <line num="318" count="0" type="cond" truecount="0" falsecount="5"/>
      <line num="319" count="0" type="cond" truecount="0" falsecount="4"/>
      <line num="324" count="12" type="cond" truecount="3" falsecount="0"/>
      <line num="329" count="12" type="cond" truecount="3" falsecount="0"/>
      <line num="334" count="12" type="cond" truecount="3" falsecount="0"/>
      <line num="339" count="12" type="cond" truecount="3" falsecount="0"/>
      <line num="345" count="12" type="cond" truecount="3" falsecount="0"/>
      <line num="349" count="12" type="cond" truecount="3" falsecount="0"/>
      <line num="353" count="12" type="cond" truecount="2" falsecount="0"/>
      <line num="356" count="12" type="cond" truecount="2" falsecount="0"/>
      <line num="360" count="12" type="cond" truecount="2" falsecount="0"/>
      <line num="361" count="12" type="cond" truecount="2" falsecount="0"/>
      <line num="362" count="12" type="cond" truecount="2" falsecount="0"/>
      <line num="363" count="12" type="cond" truecount="2" falsecount="0"/>
      <line num="366" count="12" type="stmt"/>
      <line num="367" count="12" type="cond" truecount="6" falsecount="0"/>
      <line num="368" count="2" type="stmt"/>
      <line num="369" count="2" type="cond" truecount="2" falsecount="0"/>
      <line num="370" count="1" type="stmt"/>
      <line num="371" count="1" type="cond" truecount="1" falsecount="1"/>
      <line num="372" count="0" type="stmt"/>
      <line num="377" count="12" type="cond" truecount="6" falsecount="0"/>
      <line num="378" count="1" type="cond" truecount="1" falsecount="1"/>
      <line num="379" count="1" type="stmt"/>
      <line num="381" count="1" type="stmt"/>
      <line num="385" count="11" type="stmt"/>
      <line num="386" count="11" type="cond" truecount="4" falsecount="0"/>
      <line num="387" count="7" type="cond" truecount="2" falsecount="0"/>
      <line num="388" count="5" type="cond" truecount="2" falsecount="0"/>
      <line num="389" count="2" type="cond" truecount="4" falsecount="0"/>
      <line num="393" count="11" type="stmt"/>
      <line num="395" count="25" type="stmt"/>
      <line num="396" count="25" type="stmt"/>
      <line num="397" count="11" type="cond" truecount="1" falsecount="1"/>
      <line num="398" count="14" type="stmt"/>
      <line num="399" count="11" type="stmt"/>
      <line num="402" count="11" type="stmt"/>
      <line num="408" count="11" type="stmt"/>
      <line num="409" count="11" type="cond" truecount="1" falsecount="1"/>
      <line num="411" count="11" type="stmt"/>
      <line num="415" count="11" type="stmt"/>
      <line num="429" count="1" type="stmt"/>
    </file>
  </project>
</coverage>
