{"C:\\Users\\A\\Documents\\SWIM\\source\\swim-service\\parser.js": {"path":"C:\\Users\\A\\Documents\\SWIM\\source\\swim-service\\parser.js","statementMap":{"0":{"start":{"line":22,"column":16},"end":{"line":59,"column":1}},"1":{"start":{"line":65,"column":12},"end":{"line":384,"column":1}},"2":{"start":{"line":387,"column":19},"end":{"line":402,"column":1}},"3":{"start":{"line":407,"column":2},"end":{"line":407,"column":25}},"4":{"start":{"line":407,"column":13},"end":{"line":407,"column":25}},"5":{"start":{"line":408,"column":12},"end":{"line":408,"column":37}},"6":{"start":{"line":409,"column":2},"end":{"line":409,"column":31}},"7":{"start":{"line":409,"column":22},"end":{"line":409,"column":31}},"8":{"start":{"line":410,"column":2},"end":{"line":410,"column":28}},"9":{"start":{"line":410,"column":14},"end":{"line":410,"column":28}},"10":{"start":{"line":411,"column":2},"end":{"line":411,"column":56}},"11":{"start":{"line":411,"column":38},"end":{"line":411,"column":56}},"12":{"start":{"line":412,"column":2},"end":{"line":412,"column":11}},"13":{"start":{"line":416,"column":2},"end":{"line":416,"column":25}},"14":{"start":{"line":416,"column":13},"end":{"line":416,"column":25}},"15":{"start":{"line":417,"column":12},"end":{"line":417,"column":37}},"16":{"start":{"line":418,"column":2},"end":{"line":418,"column":34}},"17":{"start":{"line":418,"column":22},"end":{"line":418,"column":34}},"18":{"start":{"line":419,"column":2},"end":{"line":419,"column":38}},"19":{"start":{"line":419,"column":29},"end":{"line":419,"column":38}},"20":{"start":{"line":420,"column":15},"end":{"line":420,"column":37}},"21":{"start":{"line":421,"column":2},"end":{"line":421,"column":38}},"22":{"start":{"line":426,"column":12},"end":{"line":426,"column":65}},"23":{"start":{"line":427,"column":2},"end":{"line":427,"column":25}},"24":{"start":{"line":432,"column":13},"end":{"line":432,"column":123}},"25":{"start":{"line":433,"column":12},"end":{"line":433,"column":25}},"26":{"start":{"line":434,"column":2},"end":{"line":434,"column":32}},"27":{"start":{"line":439,"column":13},"end":{"line":439,"column":99}},"28":{"start":{"line":440,"column":12},"end":{"line":440,"column":25}},"29":{"start":{"line":441,"column":2},"end":{"line":441,"column":25}},"30":{"start":{"line":446,"column":2},"end":{"line":446,"column":24}},"31":{"start":{"line":446,"column":12},"end":{"line":446,"column":24}},"32":{"start":{"line":447,"column":2},"end":{"line":450,"column":3}},"33":{"start":{"line":448,"column":14},"end":{"line":448,"column":59}},"34":{"start":{"line":449,"column":4},"end":{"line":449,"column":45}},"35":{"start":{"line":452,"column":2},"end":{"line":456,"column":3}},"36":{"start":{"line":453,"column":15},"end":{"line":453,"column":42}},"37":{"start":{"line":454,"column":14},"end":{"line":454,"column":107}},"38":{"start":{"line":455,"column":4},"end":{"line":455,"column":45}},"39":{"start":{"line":457,"column":2},"end":{"line":457,"column":14}},"40":{"start":{"line":462,"column":13},"end":{"line":462,"column":154}},"41":{"start":{"line":463,"column":12},"end":{"line":463,"column":25}},"42":{"start":{"line":464,"column":2},"end":{"line":464,"column":22}},"43":{"start":{"line":464,"column":10},"end":{"line":464,"column":22}},"44":{"start":{"line":465,"column":14},"end":{"line":465,"column":74}},"45":{"start":{"line":466,"column":14},"end":{"line":466,"column":33}},"46":{"start":{"line":467,"column":2},"end":{"line":467,"column":58}},"47":{"start":{"line":473,"column":2},"end":{"line":473,"column":22}},"48":{"start":{"line":473,"column":12},"end":{"line":473,"column":22}},"49":{"start":{"line":474,"column":17},"end":{"line":474,"column":19}},"50":{"start":{"line":477,"column":13},"end":{"line":477,"column":79}},"51":{"start":{"line":479,"column":2},"end":{"line":583,"column":3}},"52":{"start":{"line":480,"column":22},"end":{"line":480,"column":26}},"53":{"start":{"line":481,"column":22},"end":{"line":481,"column":26}},"54":{"start":{"line":484,"column":20},"end":{"line":484,"column":42}},"55":{"start":{"line":485,"column":4},"end":{"line":485,"column":24}},"56":{"start":{"line":485,"column":15},"end":{"line":485,"column":24}},"57":{"start":{"line":486,"column":20},"end":{"line":486,"column":39}},"58":{"start":{"line":487,"column":4},"end":{"line":487,"column":26}},"59":{"start":{"line":487,"column":17},"end":{"line":487,"column":26}},"60":{"start":{"line":489,"column":20},"end":{"line":489,"column":67}},"61":{"start":{"line":490,"column":20},"end":{"line":490,"column":96}},"62":{"start":{"line":491,"column":20},"end":{"line":491,"column":54}},"63":{"start":{"line":494,"column":20},"end":{"line":494,"column":114}},"64":{"start":{"line":495,"column":20},"end":{"line":495,"column":112}},"65":{"start":{"line":496,"column":20},"end":{"line":496,"column":36}},"66":{"start":{"line":497,"column":20},"end":{"line":497,"column":36}},"67":{"start":{"line":500,"column":26},"end":{"line":500,"column":60}},"68":{"start":{"line":501,"column":26},"end":{"line":501,"column":30}},"69":{"start":{"line":506,"column":17},"end":{"line":506,"column":106}},"70":{"start":{"line":509,"column":26},"end":{"line":509,"column":65}},"71":{"start":{"line":510,"column":26},"end":{"line":510,"column":43}},"72":{"start":{"line":513,"column":29},"end":{"line":515,"column":13}},"73":{"start":{"line":517,"column":6},"end":{"line":521,"column":13}},"74":{"start":{"line":524,"column":21},"end":{"line":524,"column":79}},"75":{"start":{"line":525,"column":21},"end":{"line":525,"column":70}},"76":{"start":{"line":526,"column":21},"end":{"line":526,"column":51}},"77":{"start":{"line":527,"column":21},"end":{"line":527,"column":52}},"78":{"start":{"line":528,"column":21},"end":{"line":528,"column":65}},"79":{"start":{"line":531,"column":17},"end":{"line":531,"column":48}},"80":{"start":{"line":535,"column":6},"end":{"line":537,"column":13}},"81":{"start":{"line":540,"column":27},"end":{"line":540,"column":62}},"82":{"start":{"line":541,"column":25},"end":{"line":541,"column":58}},"83":{"start":{"line":542,"column":27},"end":{"line":542,"column":62}},"84":{"start":{"line":543,"column":21},"end":{"line":543,"column":97}},"85":{"start":{"line":544,"column":33},"end":{"line":544,"column":84}},"86":{"start":{"line":545,"column":25},"end":{"line":545,"column":78}},"87":{"start":{"line":546,"column":31},"end":{"line":546,"column":85}},"88":{"start":{"line":548,"column":4},"end":{"line":582,"column":7}},"89":{"start":{"line":585,"column":2},"end":{"line":585,"column":16}},"90":{"start":{"line":588,"column":0},"end":{"line":588,"column":37}}},"fnMap":{"0":{"name":"aptIata","decl":{"start":{"line":406,"column":9},"end":{"line":406,"column":16}},"loc":{"start":{"line":406,"column":23},"end":{"line":413,"column":1}},"line":406},"1":{"name":"normalizeAcid","decl":{"start":{"line":415,"column":9},"end":{"line":415,"column":22}},"loc":{"start":{"line":415,"column":29},"end":{"line":422,"column":1}},"line":415},"2":{"name":"attr","decl":{"start":{"line":425,"column":9},"end":{"line":425,"column":13}},"loc":{"start":{"line":425,"column":23},"end":{"line":428,"column":1}},"line":425},"3":{"name":"celem","decl":{"start":{"line":431,"column":9},"end":{"line":431,"column":14}},"loc":{"start":{"line":431,"column":31},"end":{"line":435,"column":1}},"line":431},"4":{"name":"celemAttr","decl":{"start":{"line":438,"column":9},"end":{"line":438,"column":18}},"loc":{"start":{"line":438,"column":45},"end":{"line":442,"column":1}},"line":438},"5":{"name":"parseTime","decl":{"start":{"line":445,"column":9},"end":{"line":445,"column":18}},"loc":{"start":{"line":445,"column":24},"end":{"line":458,"column":1}},"line":445},"6":{"name":"parseDMS","decl":{"start":{"line":461,"column":9},"end":{"line":461,"column":17}},"loc":{"start":{"line":461,"column":33},"end":{"line":468,"column":1}},"line":461},"7":{"name":"parseTfmMessage","decl":{"start":{"line":472,"column":15},"end":{"line":472,"column":30}},"loc":{"start":{"line":472,"column":36},"end":{"line":586,"column":1}},"line":472}},"branchMap":{"0":{"loc":{"start":{"line":407,"column":2},"end":{"line":407,"column":25}},"type":"if","locations":[{"start":{"line":407,"column":2},"end":{"line":407,"column":25}},{"start":{},"end":{}}],"line":407},"1":{"loc":{"start":{"line":409,"column":2},"end":{"line":409,"column":31}},"type":"if","locations":[{"start":{"line":409,"column":2},"end":{"line":409,"column":31}},{"start":{},"end":{}}],"line":409},"2":{"loc":{"start":{"line":410,"column":2},"end":{"line":410,"column":28}},"type":"if","locations":[{"start":{"line":410,"column":2},"end":{"line":410,"column":28}},{"start":{},"end":{}}],"line":410},"3":{"loc":{"start":{"line":411,"column":2},"end":{"line":411,"column":56}},"type":"if","locations":[{"start":{"line":411,"column":2},"end":{"line":411,"column":56}},{"start":{},"end":{}}],"line":411},"4":{"loc":{"start":{"line":411,"column":6},"end":{"line":411,"column":36}},"type":"binary-expr","locations":[{"start":{"line":411,"column":6},"end":{"line":411,"column":20}},{"start":{"line":411,"column":24},"end":{"line":411,"column":36}}],"line":411},"5":{"loc":{"start":{"line":416,"column":2},"end":{"line":416,"column":25}},"type":"if","locations":[{"start":{"line":416,"column":2},"end":{"line":416,"column":25}},{"start":{},"end":{}}],"line":416},"6":{"loc":{"start":{"line":418,"column":2},"end":{"line":418,"column":34}},"type":"if","locations":[{"start":{"line":418,"column":2},"end":{"line":418,"column":34}},{"start":{},"end":{}}],"line":418},"7":{"loc":{"start":{"line":419,"column":2},"end":{"line":419,"column":38}},"type":"if","locations":[{"start":{"line":419,"column":2},"end":{"line":419,"column":38}},{"start":{},"end":{}}],"line":419},"8":{"loc":{"start":{"line":421,"column":9},"end":{"line":421,"column":37}},"type":"cond-expr","locations":[{"start":{"line":421,"column":16},"end":{"line":421,"column":33}},{"start":{"line":421,"column":36},"end":{"line":421,"column":37}}],"line":421},"9":{"loc":{"start":{"line":427,"column":9},"end":{"line":427,"column":24}},"type":"cond-expr","locations":[{"start":{"line":427,"column":13},"end":{"line":427,"column":17}},{"start":{"line":427,"column":20},"end":{"line":427,"column":24}}],"line":427},"10":{"loc":{"start":{"line":434,"column":9},"end":{"line":434,"column":31}},"type":"cond-expr","locations":[{"start":{"line":434,"column":13},"end":{"line":434,"column":24}},{"start":{"line":434,"column":27},"end":{"line":434,"column":31}}],"line":434},"11":{"loc":{"start":{"line":441,"column":9},"end":{"line":441,"column":24}},"type":"cond-expr","locations":[{"start":{"line":441,"column":13},"end":{"line":441,"column":17}},{"start":{"line":441,"column":20},"end":{"line":441,"column":24}}],"line":441},"12":{"loc":{"start":{"line":446,"column":2},"end":{"line":446,"column":24}},"type":"if","locations":[{"start":{"line":446,"column":2},"end":{"line":446,"column":24}},{"start":{},"end":{}}],"line":446},"13":{"loc":{"start":{"line":447,"column":2},"end":{"line":450,"column":3}},"type":"if","locations":[{"start":{"line":447,"column":2},"end":{"line":450,"column":3}},{"start":{},"end":{}}],"line":447},"14":{"loc":{"start":{"line":448,"column":23},"end":{"line":448,"column":58}},"type":"cond-expr","locations":[{"start":{"line":448,"column":43},"end":{"line":448,"column":46}},{"start":{"line":448,"column":49},"end":{"line":448,"column":58}}],"line":448},"15":{"loc":{"start":{"line":449,"column":11},"end":{"line":449,"column":44}},"type":"cond-expr","locations":[{"start":{"line":449,"column":22},"end":{"line":449,"column":26}},{"start":{"line":449,"column":29},"end":{"line":449,"column":44}}],"line":449},"16":{"loc":{"start":{"line":452,"column":2},"end":{"line":456,"column":3}},"type":"if","locations":[{"start":{"line":452,"column":2},"end":{"line":456,"column":3}},{"start":{},"end":{}}],"line":452},"17":{"loc":{"start":{"line":455,"column":11},"end":{"line":455,"column":44}},"type":"cond-expr","locations":[{"start":{"line":455,"column":22},"end":{"line":455,"column":26}},{"start":{"line":455,"column":29},"end":{"line":455,"column":44}}],"line":455},"18":{"loc":{"start":{"line":464,"column":2},"end":{"line":464,"column":22}},"type":"if","locations":[{"start":{"line":464,"column":2},"end":{"line":464,"column":22}},{"start":{},"end":{}}],"line":464},"19":{"loc":{"start":{"line":467,"column":21},"end":{"line":467,"column":37}},"type":"cond-expr","locations":[{"start":{"line":467,"column":27},"end":{"line":467,"column":31}},{"start":{"line":467,"column":34},"end":{"line":467,"column":37}}],"line":467},"20":{"loc":{"start":{"line":473,"column":2},"end":{"line":473,"column":22}},"type":"if","locations":[{"start":{"line":473,"column":2},"end":{"line":473,"column":22}},{"start":{},"end":{}}],"line":473},"21":{"loc":{"start":{"line":485,"column":4},"end":{"line":485,"column":24}},"type":"if","locations":[{"start":{"line":485,"column":4},"end":{"line":485,"column":24}},{"start":{},"end":{}}],"line":485},"22":{"loc":{"start":{"line":487,"column":4},"end":{"line":487,"column":26}},"type":"if","locations":[{"start":{"line":487,"column":4},"end":{"line":487,"column":26}},{"start":{},"end":{}}],"line":487},"23":{"loc":{"start":{"line":489,"column":21},"end":{"line":489,"column":52}},"type":"binary-expr","locations":[{"start":{"line":489,"column":21},"end":{"line":489,"column":46}},{"start":{"line":489,"column":50},"end":{"line":489,"column":52}}],"line":489},"24":{"loc":{"start":{"line":490,"column":20},"end":{"line":490,"column":96}},"type":"binary-expr","locations":[{"start":{"line":490,"column":20},"end":{"line":490,"column":53}},{"start":{"line":490,"column":57},"end":{"line":490,"column":90}},{"start":{"line":490,"column":94},"end":{"line":490,"column":96}}],"line":490},"25":{"loc":{"start":{"line":491,"column":20},"end":{"line":491,"column":54}},"type":"binary-expr","locations":[{"start":{"line":491,"column":20},"end":{"line":491,"column":39}},{"start":{"line":491,"column":43},"end":{"line":491,"column":54}}],"line":491},"26":{"loc":{"start":{"line":494,"column":20},"end":{"line":494,"column":114}},"type":"binary-expr","locations":[{"start":{"line":494,"column":20},"end":{"line":494,"column":45}},{"start":{"line":494,"column":49},"end":{"line":494,"column":106}},{"start":{"line":494,"column":110},"end":{"line":494,"column":114}}],"line":494},"27":{"loc":{"start":{"line":495,"column":20},"end":{"line":495,"column":112}},"type":"binary-expr","locations":[{"start":{"line":495,"column":20},"end":{"line":495,"column":45}},{"start":{"line":495,"column":49},"end":{"line":495,"column":104}},{"start":{"line":495,"column":108},"end":{"line":495,"column":112}}],"line":495},"28":{"loc":{"start":{"line":506,"column":17},"end":{"line":506,"column":106}},"type":"cond-expr","locations":[{"start":{"line":506,"column":24},"end":{"line":506,"column":41}},{"start":{"line":506,"column":45},"end":{"line":506,"column":105}}],"line":506},"29":{"loc":{"start":{"line":506,"column":45},"end":{"line":506,"column":105}},"type":"cond-expr","locations":[{"start":{"line":506,"column":50},"end":{"line":506,"column":65}},{"start":{"line":506,"column":68},"end":{"line":506,"column":105}}],"line":506},"30":{"loc":{"start":{"line":513,"column":29},"end":{"line":515,"column":13}},"type":"binary-expr","locations":[{"start":{"line":513,"column":29},"end":{"line":513,"column":91}},{"start":{"line":514,"column":9},"end":{"line":514,"column":67}},{"start":{"line":515,"column":9},"end":{"line":515,"column":13}}],"line":513},"31":{"loc":{"start":{"line":517,"column":6},"end":{"line":521,"column":13}},"type":"binary-expr","locations":[{"start":{"line":517,"column":6},"end":{"line":517,"column":44}},{"start":{"line":518,"column":9},"end":{"line":518,"column":33}},{"start":{"line":519,"column":9},"end":{"line":519,"column":36}},{"start":{"line":520,"column":9},"end":{"line":520,"column":25}},{"start":{"line":521,"column":9},"end":{"line":521,"column":13}}],"line":517},"32":{"loc":{"start":{"line":524,"column":21},"end":{"line":524,"column":79}},"type":"binary-expr","locations":[{"start":{"line":524,"column":21},"end":{"line":524,"column":71}},{"start":{"line":524,"column":75},"end":{"line":524,"column":79}}],"line":524},"33":{"loc":{"start":{"line":524,"column":30},"end":{"line":524,"column":70}},"type":"binary-expr","locations":[{"start":{"line":524,"column":30},"end":{"line":524,"column":63}},{"start":{"line":524,"column":67},"end":{"line":524,"column":70}}],"line":524},"34":{"loc":{"start":{"line":525,"column":21},"end":{"line":525,"column":70}},"type":"binary-expr","locations":[{"start":{"line":525,"column":21},"end":{"line":525,"column":62}},{"start":{"line":525,"column":66},"end":{"line":525,"column":70}}],"line":525},"35":{"loc":{"start":{"line":525,"column":30},"end":{"line":525,"column":61}},"type":"binary-expr","locations":[{"start":{"line":525,"column":30},"end":{"line":525,"column":54}},{"start":{"line":525,"column":58},"end":{"line":525,"column":61}}],"line":525},"36":{"loc":{"start":{"line":531,"column":17},"end":{"line":531,"column":48}},"type":"binary-expr","locations":[{"start":{"line":531,"column":17},"end":{"line":531,"column":40}},{"start":{"line":531,"column":44},"end":{"line":531,"column":48}}],"line":531},"37":{"loc":{"start":{"line":535,"column":6},"end":{"line":537,"column":13}},"type":"binary-expr","locations":[{"start":{"line":535,"column":6},"end":{"line":535,"column":37}},{"start":{"line":536,"column":9},"end":{"line":536,"column":48}},{"start":{"line":537,"column":9},"end":{"line":537,"column":13}}],"line":535},"38":{"loc":{"start":{"line":540,"column":27},"end":{"line":540,"column":62}},"type":"binary-expr","locations":[{"start":{"line":540,"column":27},"end":{"line":540,"column":54}},{"start":{"line":540,"column":58},"end":{"line":540,"column":62}}],"line":540},"39":{"loc":{"start":{"line":541,"column":25},"end":{"line":541,"column":58}},"type":"binary-expr","locations":[{"start":{"line":541,"column":25},"end":{"line":541,"column":50}},{"start":{"line":541,"column":54},"end":{"line":541,"column":58}}],"line":541},"40":{"loc":{"start":{"line":542,"column":27},"end":{"line":542,"column":62}},"type":"binary-expr","locations":[{"start":{"line":542,"column":27},"end":{"line":542,"column":54}},{"start":{"line":542,"column":58},"end":{"line":542,"column":62}}],"line":542},"41":{"loc":{"start":{"line":543,"column":21},"end":{"line":543,"column":97}},"type":"binary-expr","locations":[{"start":{"line":543,"column":21},"end":{"line":543,"column":54}},{"start":{"line":543,"column":58},"end":{"line":543,"column":91}},{"start":{"line":543,"column":95},"end":{"line":543,"column":97}}],"line":543},"42":{"loc":{"start":{"line":544,"column":33},"end":{"line":544,"column":84}},"type":"cond-expr","locations":[{"start":{"line":544,"column":45},"end":{"line":544,"column":76}},{"start":{"line":544,"column":80},"end":{"line":544,"column":84}}],"line":544},"43":{"loc":{"start":{"line":544,"column":45},"end":{"line":544,"column":76}},"type":"binary-expr","locations":[{"start":{"line":544,"column":45},"end":{"line":544,"column":64}},{"start":{"line":544,"column":68},"end":{"line":544,"column":76}}],"line":544},"44":{"loc":{"start":{"line":545,"column":25},"end":{"line":545,"column":78}},"type":"binary-expr","locations":[{"start":{"line":545,"column":25},"end":{"line":545,"column":50}},{"start":{"line":545,"column":54},"end":{"line":545,"column":70}},{"start":{"line":545,"column":74},"end":{"line":545,"column":78}}],"line":545},"45":{"loc":{"start":{"line":546,"column":31},"end":{"line":546,"column":85}},"type":"binary-expr","locations":[{"start":{"line":546,"column":31},"end":{"line":546,"column":77}},{"start":{"line":546,"column":81},"end":{"line":546,"column":85}}],"line":546},"46":{"loc":{"start":{"line":546,"column":32},"end":{"line":546,"column":69}},"type":"binary-expr","locations":[{"start":{"line":546,"column":32},"end":{"line":546,"column":63}},{"start":{"line":546,"column":67},"end":{"line":546,"column":69}}],"line":546}},"s":{"0":1,"1":1,"2":1,"3":18,"4":0,"5":18,"6":18,"7":0,"8":18,"9":0,"10":18,"11":18,"12":0,"13":10,"14":0,"15":10,"16":10,"17":1,"18":9,"19":0,"20":9,"21":9,"22":109,"23":109,"24":81,"25":81,"26":81,"27":26,"28":26,"29":26,"30":36,"31":14,"32":22,"33":22,"34":22,"35":0,"36":0,"37":0,"38":0,"39":0,"40":18,"41":18,"42":18,"43":10,"44":8,"45":8,"46":8,"47":10,"48":1,"49":9,"50":9,"51":9,"52":10,"53":10,"54":10,"55":10,"56":0,"57":10,"58":10,"59":1,"60":9,"61":9,"62":9,"63":9,"64":9,"65":9,"66":9,"67":9,"68":9,"69":9,"70":9,"71":9,"72":9,"73":9,"74":9,"75":9,"76":9,"77":9,"78":9,"79":9,"80":9,"81":9,"82":9,"83":9,"84":9,"85":9,"86":9,"87":9,"88":9,"89":9,"90":1},"f":{"0":18,"1":10,"2":109,"3":81,"4":26,"5":36,"6":18,"7":10},"b":{"0":[0,18],"1":[0,18],"2":[0,18],"3":[18,0],"4":[18,18],"5":[0,10],"6":[1,9],"7":[0,9],"8":[9,0],"9":[67,42],"10":[18,63],"11":[5,21],"12":[14,22],"13":[22,0],"14":[22,0],"15":[0,22],"16":[0,0],"17":[0,0],"18":[10,8],"19":[4,4],"20":[1,9],"21":[0,10],"22":[1,9],"23":[9,0],"24":[9,0,0],"25":[9,0],"26":[9,0,0],"27":[9,0,0],"28":[9,0],"29":[0,0],"30":[9,8,8],"31":[9,9,9,9,8],"32":[9,5],"33":[9,5],"34":[9,5],"35":[9,5],"36":[9,9],"37":[9,9,9],"38":[9,8],"39":[9,0],"40":[9,8],"41":[9,0,0],"42":[9,0],"43":[9,0],"44":[9,8,0],"45":[9,8],"46":[9,8]},"_coverageSchema":"1a1c01bbd47fc00a2c39e90264f33305004495a9","hash":"cb8d3e464b42b4c92622345ce6cc32d4b522fe81"}
,"C:\\Users\\A\\Documents\\SWIM\\source\\swim-service\\sfdps-parser.js": {"path":"C:\\Users\\A\\Documents\\SWIM\\source\\swim-service\\sfdps-parser.js","statementMap":{"0":{"start":{"line":18,"column":16},"end":{"line":43,"column":1}},"1":{"start":{"line":47,"column":2},"end":{"line":47,"column":24}},"2":{"start":{"line":47,"column":12},"end":{"line":47,"column":24}},"3":{"start":{"line":48,"column":12},"end":{"line":48,"column":36}},"4":{"start":{"line":49,"column":2},"end":{"line":49,"column":31}},"5":{"start":{"line":49,"column":22},"end":{"line":49,"column":31}},"6":{"start":{"line":51,"column":2},"end":{"line":51,"column":74}},"7":{"start":{"line":51,"column":56},"end":{"line":51,"column":74}},"8":{"start":{"line":52,"column":2},"end":{"line":52,"column":11}},"9":{"start":{"line":57,"column":2},"end":{"line":57,"column":29}},"10":{"start":{"line":57,"column":17},"end":{"line":57,"column":29}},"11":{"start":{"line":58,"column":13},"end":{"line":58,"column":42}},"12":{"start":{"line":60,"column":18},"end":{"line":60,"column":32}},"13":{"start":{"line":61,"column":2},"end":{"line":61,"column":62}},"14":{"start":{"line":61,"column":24},"end":{"line":61,"column":62}},"15":{"start":{"line":63,"column":18},"end":{"line":63,"column":32}},"16":{"start":{"line":64,"column":14},"end":{"line":64,"column":25}},"17":{"start":{"line":65,"column":2},"end":{"line":65,"column":34}},"18":{"start":{"line":65,"column":24},"end":{"line":65,"column":34}},"19":{"start":{"line":66,"column":2},"end":{"line":66,"column":12}},"20":{"start":{"line":70,"column":19},"end":{"line":70,"column":20}},"21":{"start":{"line":71,"column":20},"end":{"line":71,"column":21}},"22":{"start":{"line":82,"column":13},"end":{"line":82,"column":98}},"23":{"start":{"line":83,"column":12},"end":{"line":83,"column":25}},"24":{"start":{"line":84,"column":2},"end":{"line":84,"column":32}},"25":{"start":{"line":89,"column":13},"end":{"line":89,"column":97}},"26":{"start":{"line":90,"column":12},"end":{"line":90,"column":25}},"27":{"start":{"line":91,"column":2},"end":{"line":91,"column":32}},"28":{"start":{"line":99,"column":13},"end":{"line":99,"column":93}},"29":{"start":{"line":100,"column":12},"end":{"line":100,"column":25}},"30":{"start":{"line":101,"column":2},"end":{"line":101,"column":32}},"31":{"start":{"line":106,"column":16},"end":{"line":106,"column":69}},"32":{"start":{"line":107,"column":16},"end":{"line":107,"column":32}},"33":{"start":{"line":108,"column":2},"end":{"line":108,"column":32}},"34":{"start":{"line":108,"column":20},"end":{"line":108,"column":32}},"35":{"start":{"line":110,"column":19},"end":{"line":110,"column":56}},"36":{"start":{"line":111,"column":2},"end":{"line":111,"column":29}},"37":{"start":{"line":111,"column":17},"end":{"line":111,"column":29}},"38":{"start":{"line":112,"column":18},"end":{"line":112,"column":29}},"39":{"start":{"line":113,"column":19},"end":{"line":113,"column":34}},"40":{"start":{"line":114,"column":14},"end":{"line":114,"column":42}},"41":{"start":{"line":115,"column":2},"end":{"line":115,"column":30}},"42":{"start":{"line":115,"column":18},"end":{"line":115,"column":30}},"43":{"start":{"line":116,"column":2},"end":{"line":116,"column":49}},"44":{"start":{"line":121,"column":2},"end":{"line":121,"column":22}},"45":{"start":{"line":121,"column":10},"end":{"line":121,"column":22}},"46":{"start":{"line":122,"column":12},"end":{"line":122,"column":20}},"47":{"start":{"line":123,"column":2},"end":{"line":123,"column":22}},"48":{"start":{"line":123,"column":10},"end":{"line":123,"column":22}},"49":{"start":{"line":124,"column":13},"end":{"line":124,"column":26}},"50":{"start":{"line":125,"column":2},"end":{"line":125,"column":36}},"51":{"start":{"line":125,"column":24},"end":{"line":125,"column":36}},"52":{"start":{"line":126,"column":2},"end":{"line":126,"column":11}},"53":{"start":{"line":136,"column":17},"end":{"line":136,"column":38}},"54":{"start":{"line":137,"column":12},"end":{"line":137,"column":46}},"55":{"start":{"line":138,"column":2},"end":{"line":138,"column":50}},"56":{"start":{"line":138,"column":41},"end":{"line":138,"column":50}},"57":{"start":{"line":140,"column":16},"end":{"line":140,"column":40}},"58":{"start":{"line":141,"column":2},"end":{"line":157,"column":3}},"59":{"start":{"line":143,"column":6},"end":{"line":147,"column":40}},"60":{"start":{"line":148,"column":15},"end":{"line":148,"column":48}},"61":{"start":{"line":149,"column":4},"end":{"line":149,"column":55}},"62":{"start":{"line":149,"column":45},"end":{"line":149,"column":55}},"63":{"start":{"line":152,"column":6},"end":{"line":154,"column":51}},"64":{"start":{"line":155,"column":15},"end":{"line":155,"column":48}},"65":{"start":{"line":156,"column":4},"end":{"line":156,"column":55}},"66":{"start":{"line":156,"column":45},"end":{"line":156,"column":55}},"67":{"start":{"line":160,"column":4},"end":{"line":162,"column":43}},"68":{"start":{"line":163,"column":13},"end":{"line":163,"column":47}},"69":{"start":{"line":164,"column":2},"end":{"line":164,"column":53}},"70":{"start":{"line":164,"column":43},"end":{"line":164,"column":53}},"71":{"start":{"line":166,"column":20},"end":{"line":169,"column":3}},"72":{"start":{"line":170,"column":12},"end":{"line":170,"column":32}},"73":{"start":{"line":171,"column":2},"end":{"line":174,"column":3}},"74":{"start":{"line":172,"column":15},"end":{"line":172,"column":41}},"75":{"start":{"line":173,"column":4},"end":{"line":173,"column":55}},"76":{"start":{"line":173,"column":45},"end":{"line":173,"column":55}},"77":{"start":{"line":175,"column":2},"end":{"line":175,"column":14}},"78":{"start":{"line":181,"column":2},"end":{"line":181,"column":27}},"79":{"start":{"line":181,"column":15},"end":{"line":181,"column":27}},"80":{"start":{"line":182,"column":2},"end":{"line":184,"column":26}},"81":{"start":{"line":183,"column":4},"end":{"line":183,"column":55}},"82":{"start":{"line":184,"column":12},"end":{"line":184,"column":24}},"83":{"start":{"line":190,"column":4},"end":{"line":192,"column":29}},"84":{"start":{"line":193,"column":2},"end":{"line":193,"column":28}},"85":{"start":{"line":193,"column":14},"end":{"line":193,"column":28}},"86":{"start":{"line":196,"column":4},"end":{"line":197,"column":83}},"87":{"start":{"line":198,"column":2},"end":{"line":198,"column":28}},"88":{"start":{"line":198,"column":14},"end":{"line":198,"column":28}},"89":{"start":{"line":200,"column":12},"end":{"line":200,"column":66}},"90":{"start":{"line":201,"column":2},"end":{"line":201,"column":32}},"91":{"start":{"line":206,"column":21},"end":{"line":206,"column":23}},"92":{"start":{"line":207,"column":13},"end":{"line":207,"column":55}},"93":{"start":{"line":208,"column":13},"end":{"line":208,"column":43}},"94":{"start":{"line":209,"column":2},"end":{"line":209,"column":63}},"95":{"start":{"line":209,"column":43},"end":{"line":209,"column":63}},"96":{"start":{"line":212,"column":4},"end":{"line":213,"column":60}},"97":{"start":{"line":214,"column":13},"end":{"line":214,"column":43}},"98":{"start":{"line":215,"column":2},"end":{"line":215,"column":63}},"99":{"start":{"line":215,"column":43},"end":{"line":215,"column":63}},"100":{"start":{"line":217,"column":2},"end":{"line":217,"column":38}},"101":{"start":{"line":217,"column":26},"end":{"line":217,"column":38}},"102":{"start":{"line":218,"column":2},"end":{"line":218,"column":59}},"103":{"start":{"line":218,"column":28},"end":{"line":218,"column":57}},"104":{"start":{"line":219,"column":2},"end":{"line":219,"column":23}},"105":{"start":{"line":223,"column":2},"end":{"line":223,"column":75}},"106":{"start":{"line":227,"column":27},"end":{"line":227,"column":66}},"107":{"start":{"line":232,"column":2},"end":{"line":235,"column":3}},"108":{"start":{"line":233,"column":4},"end":{"line":233,"column":19}},"109":{"start":{"line":234,"column":4},"end":{"line":234,"column":82}},"110":{"start":{"line":237,"column":18},"end":{"line":237,"column":20}},"111":{"start":{"line":240,"column":2},"end":{"line":240,"column":35}},"112":{"start":{"line":242,"column":20},"end":{"line":242,"column":22}},"113":{"start":{"line":243,"column":2},"end":{"line":245,"column":3}},"114":{"start":{"line":244,"column":4},"end":{"line":244,"column":32}},"115":{"start":{"line":248,"column":15},"end":{"line":248,"column":17}},"116":{"start":{"line":249,"column":2},"end":{"line":257,"column":3}},"117":{"start":{"line":250,"column":4},"end":{"line":250,"column":22}},"118":{"start":{"line":252,"column":4},"end":{"line":256,"column":5}},"119":{"start":{"line":252,"column":17},"end":{"line":252,"column":18}},"120":{"start":{"line":253,"column":20},"end":{"line":253,"column":32}},"121":{"start":{"line":254,"column":20},"end":{"line":254,"column":79}},"122":{"start":{"line":255,"column":6},"end":{"line":255,"column":44}},"123":{"start":{"line":259,"column":2},"end":{"line":262,"column":3}},"124":{"start":{"line":260,"column":18},"end":{"line":260,"column":36}},"125":{"start":{"line":261,"column":4},"end":{"line":261,"column":35}},"126":{"start":{"line":261,"column":15},"end":{"line":261,"column":35}},"127":{"start":{"line":264,"column":2},"end":{"line":276,"column":3}},"128":{"start":{"line":269,"column":6},"end":{"line":269,"column":101}},"129":{"start":{"line":270,"column":20},"end":{"line":272,"column":5}},"130":{"start":{"line":273,"column":4},"end":{"line":275,"column":6}},"131":{"start":{"line":278,"column":2},"end":{"line":278,"column":17}},"132":{"start":{"line":283,"column":23},"end":{"line":283,"column":47}},"133":{"start":{"line":284,"column":2},"end":{"line":284,"column":33}},"134":{"start":{"line":284,"column":21},"end":{"line":284,"column":33}},"135":{"start":{"line":286,"column":17},"end":{"line":286,"column":41}},"136":{"start":{"line":287,"column":2},"end":{"line":287,"column":27}},"137":{"start":{"line":287,"column":15},"end":{"line":287,"column":27}},"138":{"start":{"line":290,"column":19},"end":{"line":290,"column":45}},"139":{"start":{"line":291,"column":19},"end":{"line":291,"column":43}},"140":{"start":{"line":293,"column":19},"end":{"line":293,"column":70}},"141":{"start":{"line":294,"column":19},"end":{"line":294,"column":70}},"142":{"start":{"line":297,"column":2},"end":{"line":302,"column":3}},"143":{"start":{"line":299,"column":6},"end":{"line":300,"column":59}},"144":{"start":{"line":301,"column":4},"end":{"line":301,"column":52}},"145":{"start":{"line":301,"column":12},"end":{"line":301,"column":52}},"146":{"start":{"line":303,"column":2},"end":{"line":308,"column":3}},"147":{"start":{"line":305,"column":6},"end":{"line":306,"column":55}},"148":{"start":{"line":307,"column":4},"end":{"line":307,"column":52}},"149":{"start":{"line":307,"column":12},"end":{"line":307,"column":52}},"150":{"start":{"line":311,"column":2},"end":{"line":315,"column":3}},"151":{"start":{"line":312,"column":17},"end":{"line":312,"column":82}},"152":{"start":{"line":313,"column":4},"end":{"line":314,"column":58}},"153":{"start":{"line":313,"column":54},"end":{"line":313,"column":81}},"154":{"start":{"line":314,"column":9},"end":{"line":314,"column":58}},"155":{"start":{"line":314,"column":40},"end":{"line":314,"column":58}},"156":{"start":{"line":316,"column":2},"end":{"line":320,"column":3}},"157":{"start":{"line":317,"column":17},"end":{"line":317,"column":82}},"158":{"start":{"line":318,"column":4},"end":{"line":319,"column":58}},"159":{"start":{"line":318,"column":54},"end":{"line":318,"column":81}},"160":{"start":{"line":319,"column":9},"end":{"line":319,"column":58}},"161":{"start":{"line":319,"column":40},"end":{"line":319,"column":58}},"162":{"start":{"line":324,"column":4},"end":{"line":326,"column":29}},"163":{"start":{"line":329,"column":4},"end":{"line":331,"column":29}},"164":{"start":{"line":334,"column":4},"end":{"line":336,"column":28}},"165":{"start":{"line":339,"column":4},"end":{"line":341,"column":28}},"166":{"start":{"line":345,"column":4},"end":{"line":347,"column":49}},"167":{"start":{"line":349,"column":4},"end":{"line":351,"column":46}},"168":{"start":{"line":353,"column":4},"end":{"line":354,"column":46}},"169":{"start":{"line":356,"column":4},"end":{"line":357,"column":46}},"170":{"start":{"line":360,"column":21},"end":{"line":360,"column":40}},"171":{"start":{"line":361,"column":23},"end":{"line":361,"column":46}},"172":{"start":{"line":362,"column":24},"end":{"line":362,"column":45}},"173":{"start":{"line":363,"column":22},"end":{"line":363,"column":39}},"174":{"start":{"line":366,"column":24},"end":{"line":366,"column":29}},"175":{"start":{"line":367,"column":2},"end":{"line":374,"column":3}},"176":{"start":{"line":368,"column":17},"end":{"line":368,"column":40}},"177":{"start":{"line":369,"column":4},"end":{"line":373,"column":5}},"178":{"start":{"line":370,"column":6},"end":{"line":370,"column":51}},"179":{"start":{"line":371,"column":6},"end":{"line":372,"column":31}},"180":{"start":{"line":371,"column":27},"end":{"line":371,"column":49}},"181":{"start":{"line":372,"column":11},"end":{"line":372,"column":31}},"182":{"start":{"line":377,"column":2},"end":{"line":382,"column":3}},"183":{"start":{"line":378,"column":4},"end":{"line":380,"column":5}},"184":{"start":{"line":379,"column":6},"end":{"line":379,"column":94}},"185":{"start":{"line":381,"column":4},"end":{"line":381,"column":16}},"186":{"start":{"line":385,"column":15},"end":{"line":385,"column":26}},"187":{"start":{"line":386,"column":2},"end":{"line":389,"column":66}},"188":{"start":{"line":386,"column":26},"end":{"line":386,"column":45}},"189":{"start":{"line":387,"column":7},"end":{"line":389,"column":66}},"190":{"start":{"line":387,"column":22},"end":{"line":387,"column":42}},"191":{"start":{"line":388,"column":7},"end":{"line":389,"column":66}},"192":{"start":{"line":388,"column":20},"end":{"line":388,"column":40}},"193":{"start":{"line":389,"column":7},"end":{"line":389,"column":66}},"194":{"start":{"line":389,"column":46},"end":{"line":389,"column":66}},"195":{"start":{"line":393,"column":19},"end":{"line":396,"column":40}},"196":{"start":{"line":395,"column":19},"end":{"line":395,"column":42}},"197":{"start":{"line":396,"column":21},"end":{"line":396,"column":39}},"198":{"start":{"line":397,"column":4},"end":{"line":397,"column":36}},"199":{"start":{"line":397,"column":24},"end":{"line":397,"column":36}},"200":{"start":{"line":398,"column":4},"end":{"line":398,"column":37}},"201":{"start":{"line":398,"column":26},"end":{"line":398,"column":35}},"202":{"start":{"line":399,"column":4},"end":{"line":399,"column":23}},"203":{"start":{"line":402,"column":20},"end":{"line":407,"column":4}},"204":{"start":{"line":408,"column":18},"end":{"line":408,"column":36}},"205":{"start":{"line":409,"column":2},"end":{"line":409,"column":28}},"206":{"start":{"line":409,"column":16},"end":{"line":409,"column":28}},"207":{"start":{"line":411,"column":2},"end":{"line":413,"column":4}},"208":{"start":{"line":415,"column":2},"end":{"line":426,"column":4}},"209":{"start":{"line":429,"column":0},"end":{"line":429,"column":39}}},"fnMap":{"0":{"name":"normalizeAerodromeCode","decl":{"start":{"line":46,"column":9},"end":{"line":46,"column":31}},"loc":{"start":{"line":46,"column":37},"end":{"line":53,"column":1}},"line":46},"1":{"name":"icaoToIata","decl":{"start":{"line":56,"column":9},"end":{"line":56,"column":19}},"loc":{"start":{"line":56,"column":30},"end":{"line":67,"column":1}},"line":56},"2":{"name":"getEl","decl":{"start":{"line":81,"column":9},"end":{"line":81,"column":14}},"loc":{"start":{"line":81,"column":31},"end":{"line":85,"column":1}},"line":81},"3":{"name":"getAttr","decl":{"start":{"line":88,"column":9},"end":{"line":88,"column":16}},"loc":{"start":{"line":88,"column":43},"end":{"line":92,"column":1}},"line":88},"4":{"name":"getOpenTagAttr","decl":{"start":{"line":98,"column":9},"end":{"line":98,"column":23}},"loc":{"start":{"line":98,"column":50},"end":{"line":102,"column":1}},"line":98},"5":{"name":"getBlock","decl":{"start":{"line":105,"column":9},"end":{"line":105,"column":17}},"loc":{"start":{"line":105,"column":34},"end":{"line":117,"column":1}},"line":105},"6":{"name":"normalizeIsoFragment","decl":{"start":{"line":120,"column":9},"end":{"line":120,"column":29}},"loc":{"start":{"line":120,"column":33},"end":{"line":127,"column":1}},"line":120},"7":{"name":"getIsoTime","decl":{"start":{"line":135,"column":9},"end":{"line":135,"column":19}},"loc":{"start":{"line":135,"column":36},"end":{"line":176,"column":1}},"line":135},"8":{"name":"utcDate","decl":{"start":{"line":180,"column":9},"end":{"line":180,"column":16}},"loc":{"start":{"line":180,"column":25},"end":{"line":185,"column":1}},"line":180},"9":{"name":"getAircraftCallsign","decl":{"start":{"line":188,"column":9},"end":{"line":188,"column":28}},"loc":{"start":{"line":188,"column":34},"end":{"line":202,"column":1}},"line":188},"10":{"name":"getNasFallbackTime","decl":{"start":{"line":205,"column":9},"end":{"line":205,"column":27}},"loc":{"start":{"line":205,"column":33},"end":{"line":220,"column":1}},"line":205},"11":{"name":"(anonymous_11)","decl":{"start":{"line":218,"column":18},"end":{"line":218,"column":19}},"loc":{"start":{"line":218,"column":28},"end":{"line":218,"column":57}},"line":218},"12":{"name":"isAirborneNasFragment","decl":{"start":{"line":222,"column":9},"end":{"line":222,"column":30}},"loc":{"start":{"line":222,"column":36},"end":{"line":224,"column":1}},"line":222},"13":{"name":"parseSfdpsMessage","decl":{"start":{"line":230,"column":9},"end":{"line":230,"column":26}},"loc":{"start":{"line":230,"column":35},"end":{"line":279,"column":1}},"line":230},"14":{"name":"parseFlight","decl":{"start":{"line":281,"column":9},"end":{"line":281,"column":20}},"loc":{"start":{"line":281,"column":26},"end":{"line":427,"column":1}},"line":281},"15":{"name":"earliestIsoString","decl":{"start":{"line":392,"column":11},"end":{"line":392,"column":28}},"loc":{"start":{"line":392,"column":35},"end":{"line":400,"column":3}},"line":392},"16":{"name":"(anonymous_16)","decl":{"start":{"line":395,"column":11},"end":{"line":395,"column":12}},"loc":{"start":{"line":395,"column":19},"end":{"line":395,"column":42}},"line":395},"17":{"name":"(anonymous_17)","decl":{"start":{"line":396,"column":14},"end":{"line":396,"column":15}},"loc":{"start":{"line":396,"column":21},"end":{"line":396,"column":39}},"line":396},"18":{"name":"(anonymous_18)","decl":{"start":{"line":398,"column":16},"end":{"line":398,"column":17}},"loc":{"start":{"line":398,"column":26},"end":{"line":398,"column":35}},"line":398}},"branchMap":{"0":{"loc":{"start":{"line":47,"column":2},"end":{"line":47,"column":24}},"type":"if","locations":[{"start":{"line":47,"column":2},"end":{"line":47,"column":24}},{"start":{},"end":{}}],"line":47},"1":{"loc":{"start":{"line":49,"column":2},"end":{"line":49,"column":31}},"type":"if","locations":[{"start":{"line":49,"column":2},"end":{"line":49,"column":31}},{"start":{},"end":{}}],"line":49},"2":{"loc":{"start":{"line":51,"column":2},"end":{"line":51,"column":74}},"type":"if","locations":[{"start":{"line":51,"column":2},"end":{"line":51,"column":74}},{"start":{},"end":{}}],"line":51},"3":{"loc":{"start":{"line":51,"column":6},"end":{"line":51,"column":54}},"type":"binary-expr","locations":[{"start":{"line":51,"column":6},"end":{"line":51,"column":20}},{"start":{"line":51,"column":25},"end":{"line":51,"column":37}},{"start":{"line":51,"column":41},"end":{"line":51,"column":53}}],"line":51},"4":{"loc":{"start":{"line":57,"column":2},"end":{"line":57,"column":29}},"type":"if","locations":[{"start":{"line":57,"column":2},"end":{"line":57,"column":29}},{"start":{},"end":{}}],"line":57},"5":{"loc":{"start":{"line":61,"column":2},"end":{"line":61,"column":62}},"type":"if","locations":[{"start":{"line":61,"column":2},"end":{"line":61,"column":62}},{"start":{},"end":{}}],"line":61},"6":{"loc":{"start":{"line":65,"column":2},"end":{"line":65,"column":34}},"type":"if","locations":[{"start":{"line":65,"column":2},"end":{"line":65,"column":34}},{"start":{},"end":{}}],"line":65},"7":{"loc":{"start":{"line":84,"column":9},"end":{"line":84,"column":31}},"type":"cond-expr","locations":[{"start":{"line":84,"column":13},"end":{"line":84,"column":24}},{"start":{"line":84,"column":27},"end":{"line":84,"column":31}}],"line":84},"8":{"loc":{"start":{"line":91,"column":9},"end":{"line":91,"column":31}},"type":"cond-expr","locations":[{"start":{"line":91,"column":13},"end":{"line":91,"column":24}},{"start":{"line":91,"column":27},"end":{"line":91,"column":31}}],"line":91},"9":{"loc":{"start":{"line":101,"column":9},"end":{"line":101,"column":31}},"type":"cond-expr","locations":[{"start":{"line":101,"column":13},"end":{"line":101,"column":24}},{"start":{"line":101,"column":27},"end":{"line":101,"column":31}}],"line":101},"10":{"loc":{"start":{"line":108,"column":2},"end":{"line":108,"column":32}},"type":"if","locations":[{"start":{"line":108,"column":2},"end":{"line":108,"column":32}},{"start":{},"end":{}}],"line":108},"11":{"loc":{"start":{"line":111,"column":2},"end":{"line":111,"column":29}},"type":"if","locations":[{"start":{"line":111,"column":2},"end":{"line":111,"column":29}},{"start":{},"end":{}}],"line":111},"12":{"loc":{"start":{"line":115,"column":2},"end":{"line":115,"column":30}},"type":"if","locations":[{"start":{"line":115,"column":2},"end":{"line":115,"column":30}},{"start":{},"end":{}}],"line":115},"13":{"loc":{"start":{"line":121,"column":2},"end":{"line":121,"column":22}},"type":"if","locations":[{"start":{"line":121,"column":2},"end":{"line":121,"column":22}},{"start":{},"end":{}}],"line":121},"14":{"loc":{"start":{"line":123,"column":2},"end":{"line":123,"column":22}},"type":"if","locations":[{"start":{"line":123,"column":2},"end":{"line":123,"column":22}},{"start":{},"end":{}}],"line":123},"15":{"loc":{"start":{"line":125,"column":2},"end":{"line":125,"column":36}},"type":"if","locations":[{"start":{"line":125,"column":2},"end":{"line":125,"column":36}},{"start":{},"end":{}}],"line":125},"16":{"loc":{"start":{"line":137,"column":33},"end":{"line":137,"column":45}},"type":"binary-expr","locations":[{"start":{"line":137,"column":33},"end":{"line":137,"column":39}},{"start":{"line":137,"column":43},"end":{"line":137,"column":45}}],"line":137},"17":{"loc":{"start":{"line":138,"column":2},"end":{"line":138,"column":50}},"type":"if","locations":[{"start":{"line":138,"column":2},"end":{"line":138,"column":50}},{"start":{},"end":{}}],"line":138},"18":{"loc":{"start":{"line":138,"column":6},"end":{"line":138,"column":39}},"type":"binary-expr","locations":[{"start":{"line":138,"column":6},"end":{"line":138,"column":7}},{"start":{"line":138,"column":11},"end":{"line":138,"column":39}}],"line":138},"19":{"loc":{"start":{"line":141,"column":2},"end":{"line":157,"column":3}},"type":"if","locations":[{"start":{"line":141,"column":2},"end":{"line":157,"column":3}},{"start":{},"end":{}}],"line":141},"20":{"loc":{"start":{"line":143,"column":6},"end":{"line":147,"column":40}},"type":"binary-expr","locations":[{"start":{"line":143,"column":6},"end":{"line":143,"column":38}},{"start":{"line":144,"column":9},"end":{"line":144,"column":33}},{"start":{"line":145,"column":9},"end":{"line":145,"column":34}},{"start":{"line":146,"column":9},"end":{"line":146,"column":34}},{"start":{"line":147,"column":9},"end":{"line":147,"column":40}}],"line":143},"21":{"loc":{"start":{"line":148,"column":36},"end":{"line":148,"column":47}},"type":"binary-expr","locations":[{"start":{"line":148,"column":36},"end":{"line":148,"column":41}},{"start":{"line":148,"column":45},"end":{"line":148,"column":47}}],"line":148},"22":{"loc":{"start":{"line":149,"column":4},"end":{"line":149,"column":55}},"type":"if","locations":[{"start":{"line":149,"column":4},"end":{"line":149,"column":55}},{"start":{},"end":{}}],"line":149},"23":{"loc":{"start":{"line":149,"column":8},"end":{"line":149,"column":43}},"type":"binary-expr","locations":[{"start":{"line":149,"column":8},"end":{"line":149,"column":10}},{"start":{"line":149,"column":14},"end":{"line":149,"column":43}}],"line":149},"24":{"loc":{"start":{"line":152,"column":6},"end":{"line":154,"column":51}},"type":"binary-expr","locations":[{"start":{"line":152,"column":6},"end":{"line":152,"column":43}},{"start":{"line":153,"column":9},"end":{"line":153,"column":42}},{"start":{"line":154,"column":9},"end":{"line":154,"column":51}}],"line":152},"25":{"loc":{"start":{"line":155,"column":36},"end":{"line":155,"column":47}},"type":"binary-expr","locations":[{"start":{"line":155,"column":36},"end":{"line":155,"column":41}},{"start":{"line":155,"column":45},"end":{"line":155,"column":47}}],"line":155},"26":{"loc":{"start":{"line":156,"column":4},"end":{"line":156,"column":55}},"type":"if","locations":[{"start":{"line":156,"column":4},"end":{"line":156,"column":55}},{"start":{},"end":{}}],"line":156},"27":{"loc":{"start":{"line":156,"column":8},"end":{"line":156,"column":43}},"type":"binary-expr","locations":[{"start":{"line":156,"column":8},"end":{"line":156,"column":10}},{"start":{"line":156,"column":14},"end":{"line":156,"column":43}}],"line":156},"28":{"loc":{"start":{"line":160,"column":4},"end":{"line":162,"column":43}},"type":"binary-expr","locations":[{"start":{"line":160,"column":4},"end":{"line":160,"column":39}},{"start":{"line":161,"column":7},"end":{"line":161,"column":38}},{"start":{"line":162,"column":7},"end":{"line":162,"column":43}}],"line":160},"29":{"loc":{"start":{"line":163,"column":34},"end":{"line":163,"column":46}},"type":"binary-expr","locations":[{"start":{"line":163,"column":34},"end":{"line":163,"column":40}},{"start":{"line":163,"column":44},"end":{"line":163,"column":46}}],"line":163},"30":{"loc":{"start":{"line":164,"column":2},"end":{"line":164,"column":53}},"type":"if","locations":[{"start":{"line":164,"column":2},"end":{"line":164,"column":53}},{"start":{},"end":{}}],"line":164},"31":{"loc":{"start":{"line":164,"column":6},"end":{"line":164,"column":41}},"type":"binary-expr","locations":[{"start":{"line":164,"column":6},"end":{"line":164,"column":8}},{"start":{"line":164,"column":12},"end":{"line":164,"column":41}}],"line":164},"32":{"loc":{"start":{"line":171,"column":2},"end":{"line":174,"column":3}},"type":"if","locations":[{"start":{"line":171,"column":2},"end":{"line":174,"column":3}},{"start":{},"end":{}}],"line":171},"33":{"loc":{"start":{"line":173,"column":4},"end":{"line":173,"column":55}},"type":"if","locations":[{"start":{"line":173,"column":4},"end":{"line":173,"column":55}},{"start":{},"end":{}}],"line":173},"34":{"loc":{"start":{"line":173,"column":8},"end":{"line":173,"column":43}},"type":"binary-expr","locations":[{"start":{"line":173,"column":8},"end":{"line":173,"column":10}},{"start":{"line":173,"column":14},"end":{"line":173,"column":43}}],"line":173},"35":{"loc":{"start":{"line":181,"column":2},"end":{"line":181,"column":27}},"type":"if","locations":[{"start":{"line":181,"column":2},"end":{"line":181,"column":27}},{"start":{},"end":{}}],"line":181},"36":{"loc":{"start":{"line":190,"column":4},"end":{"line":192,"column":29}},"type":"binary-expr","locations":[{"start":{"line":190,"column":4},"end":{"line":190,"column":40}},{"start":{"line":191,"column":7},"end":{"line":191,"column":31}},{"start":{"line":192,"column":7},"end":{"line":192,"column":29}}],"line":190},"37":{"loc":{"start":{"line":193,"column":2},"end":{"line":193,"column":28}},"type":"if","locations":[{"start":{"line":193,"column":2},"end":{"line":193,"column":28}},{"start":{},"end":{}}],"line":193},"38":{"loc":{"start":{"line":196,"column":4},"end":{"line":197,"column":83}},"type":"binary-expr","locations":[{"start":{"line":196,"column":4},"end":{"line":196,"column":73}},{"start":{"line":197,"column":7},"end":{"line":197,"column":83}}],"line":196},"39":{"loc":{"start":{"line":198,"column":2},"end":{"line":198,"column":28}},"type":"if","locations":[{"start":{"line":198,"column":2},"end":{"line":198,"column":28}},{"start":{},"end":{}}],"line":198},"40":{"loc":{"start":{"line":201,"column":9},"end":{"line":201,"column":31}},"type":"cond-expr","locations":[{"start":{"line":201,"column":13},"end":{"line":201,"column":24}},{"start":{"line":201,"column":27},"end":{"line":201,"column":31}}],"line":201},"41":{"loc":{"start":{"line":208,"column":34},"end":{"line":208,"column":42}},"type":"binary-expr","locations":[{"start":{"line":208,"column":34},"end":{"line":208,"column":36}},{"start":{"line":208,"column":40},"end":{"line":208,"column":42}}],"line":208},"42":{"loc":{"start":{"line":209,"column":2},"end":{"line":209,"column":63}},"type":"if","locations":[{"start":{"line":209,"column":2},"end":{"line":209,"column":63}},{"start":{},"end":{}}],"line":209},"43":{"loc":{"start":{"line":209,"column":6},"end":{"line":209,"column":41}},"type":"binary-expr","locations":[{"start":{"line":209,"column":6},"end":{"line":209,"column":8}},{"start":{"line":209,"column":12},"end":{"line":209,"column":41}}],"line":209},"44":{"loc":{"start":{"line":212,"column":4},"end":{"line":213,"column":60}},"type":"binary-expr","locations":[{"start":{"line":212,"column":4},"end":{"line":212,"column":51}},{"start":{"line":213,"column":7},"end":{"line":213,"column":60}}],"line":212},"45":{"loc":{"start":{"line":214,"column":34},"end":{"line":214,"column":42}},"type":"binary-expr","locations":[{"start":{"line":214,"column":34},"end":{"line":214,"column":36}},{"start":{"line":214,"column":40},"end":{"line":214,"column":42}}],"line":214},"46":{"loc":{"start":{"line":215,"column":2},"end":{"line":215,"column":63}},"type":"if","locations":[{"start":{"line":215,"column":2},"end":{"line":215,"column":63}},{"start":{},"end":{}}],"line":215},"47":{"loc":{"start":{"line":215,"column":6},"end":{"line":215,"column":41}},"type":"binary-expr","locations":[{"start":{"line":215,"column":6},"end":{"line":215,"column":8}},{"start":{"line":215,"column":12},"end":{"line":215,"column":41}}],"line":215},"48":{"loc":{"start":{"line":217,"column":2},"end":{"line":217,"column":38}},"type":"if","locations":[{"start":{"line":217,"column":2},"end":{"line":217,"column":38}},{"start":{},"end":{}}],"line":217},"49":{"loc":{"start":{"line":223,"column":9},"end":{"line":223,"column":74}},"type":"binary-expr","locations":[{"start":{"line":223,"column":9},"end":{"line":223,"column":42}},{"start":{"line":223,"column":46},"end":{"line":223,"column":74}}],"line":223},"50":{"loc":{"start":{"line":232,"column":2},"end":{"line":235,"column":3}},"type":"if","locations":[{"start":{"line":232,"column":2},"end":{"line":235,"column":3}},{"start":{},"end":{}}],"line":232},"51":{"loc":{"start":{"line":249,"column":2},"end":{"line":257,"column":3}},"type":"if","locations":[{"start":{"line":249,"column":2},"end":{"line":257,"column":3}},{"start":{"line":251,"column":9},"end":{"line":257,"column":3}}],"line":249},"52":{"loc":{"start":{"line":254,"column":20},"end":{"line":254,"column":79}},"type":"cond-expr","locations":[{"start":{"line":254,"column":47},"end":{"line":254,"column":63}},{"start":{"line":254,"column":66},"end":{"line":254,"column":79}}],"line":254},"53":{"loc":{"start":{"line":261,"column":4},"end":{"line":261,"column":35}},"type":"if","locations":[{"start":{"line":261,"column":4},"end":{"line":261,"column":35}},{"start":{},"end":{}}],"line":261},"54":{"loc":{"start":{"line":264,"column":2},"end":{"line":276,"column":3}},"type":"if","locations":[{"start":{"line":264,"column":2},"end":{"line":276,"column":3}},{"start":{},"end":{}}],"line":264},"55":{"loc":{"start":{"line":265,"column":4},"end":{"line":266,"column":83}},"type":"binary-expr","locations":[{"start":{"line":265,"column":4},"end":{"line":265,"column":24}},{"start":{"line":266,"column":4},"end":{"line":266,"column":83}}],"line":265},"56":{"loc":{"start":{"line":266,"column":37},"end":{"line":266,"column":74}},"type":"binary-expr","locations":[{"start":{"line":266,"column":37},"end":{"line":266,"column":68}},{"start":{"line":266,"column":72},"end":{"line":266,"column":74}}],"line":266},"57":{"loc":{"start":{"line":269,"column":6},"end":{"line":269,"column":101}},"type":"binary-expr","locations":[{"start":{"line":269,"column":6},"end":{"line":269,"column":44}},{"start":{"line":269,"column":48},"end":{"line":269,"column":101}}],"line":269},"58":{"loc":{"start":{"line":284,"column":2},"end":{"line":284,"column":33}},"type":"if","locations":[{"start":{"line":284,"column":2},"end":{"line":284,"column":33}},{"start":{},"end":{}}],"line":284},"59":{"loc":{"start":{"line":287,"column":2},"end":{"line":287,"column":27}},"type":"if","locations":[{"start":{"line":287,"column":2},"end":{"line":287,"column":27}},{"start":{},"end":{}}],"line":287},"60":{"loc":{"start":{"line":293,"column":19},"end":{"line":293,"column":70}},"type":"cond-expr","locations":[{"start":{"line":293,"column":30},"end":{"line":293,"column":63}},{"start":{"line":293,"column":66},"end":{"line":293,"column":70}}],"line":293},"61":{"loc":{"start":{"line":294,"column":19},"end":{"line":294,"column":70}},"type":"cond-expr","locations":[{"start":{"line":294,"column":30},"end":{"line":294,"column":63}},{"start":{"line":294,"column":66},"end":{"line":294,"column":70}}],"line":294},"62":{"loc":{"start":{"line":297,"column":2},"end":{"line":302,"column":3}},"type":"if","locations":[{"start":{"line":297,"column":2},"end":{"line":302,"column":3}},{"start":{},"end":{}}],"line":297},"63":{"loc":{"start":{"line":299,"column":6},"end":{"line":300,"column":59}},"type":"binary-expr","locations":[{"start":{"line":299,"column":7},"end":{"line":299,"column":15}},{"start":{"line":299,"column":19},"end":{"line":299,"column":74}},{"start":{"line":300,"column":9},"end":{"line":300,"column":59}}],"line":299},"64":{"loc":{"start":{"line":301,"column":4},"end":{"line":301,"column":52}},"type":"if","locations":[{"start":{"line":301,"column":4},"end":{"line":301,"column":52}},{"start":{},"end":{}}],"line":301},"65":{"loc":{"start":{"line":303,"column":2},"end":{"line":308,"column":3}},"type":"if","locations":[{"start":{"line":303,"column":2},"end":{"line":308,"column":3}},{"start":{},"end":{}}],"line":303},"66":{"loc":{"start":{"line":305,"column":6},"end":{"line":306,"column":55}},"type":"binary-expr","locations":[{"start":{"line":305,"column":7},"end":{"line":305,"column":15}},{"start":{"line":305,"column":19},"end":{"line":305,"column":70}},{"start":{"line":306,"column":9},"end":{"line":306,"column":55}}],"line":305},"67":{"loc":{"start":{"line":307,"column":4},"end":{"line":307,"column":52}},"type":"if","locations":[{"start":{"line":307,"column":4},"end":{"line":307,"column":52}},{"start":{},"end":{}}],"line":307},"68":{"loc":{"start":{"line":311,"column":2},"end":{"line":315,"column":3}},"type":"if","locations":[{"start":{"line":311,"column":2},"end":{"line":315,"column":3}},{"start":{},"end":{}}],"line":311},"69":{"loc":{"start":{"line":311,"column":6},"end":{"line":311,"column":29}},"type":"binary-expr","locations":[{"start":{"line":311,"column":6},"end":{"line":311,"column":17}},{"start":{"line":311,"column":21},"end":{"line":311,"column":29}}],"line":311},"70":{"loc":{"start":{"line":312,"column":17},"end":{"line":312,"column":82}},"type":"binary-expr","locations":[{"start":{"line":312,"column":17},"end":{"line":312,"column":50}},{"start":{"line":312,"column":54},"end":{"line":312,"column":82}}],"line":312},"71":{"loc":{"start":{"line":313,"column":4},"end":{"line":314,"column":58}},"type":"if","locations":[{"start":{"line":313,"column":4},"end":{"line":314,"column":58}},{"start":{"line":314,"column":9},"end":{"line":314,"column":58}}],"line":313},"72":{"loc":{"start":{"line":313,"column":8},"end":{"line":313,"column":52}},"type":"binary-expr","locations":[{"start":{"line":313,"column":8},"end":{"line":313,"column":12}},{"start":{"line":313,"column":16},"end":{"line":313,"column":33}},{"start":{"line":313,"column":37},"end":{"line":313,"column":52}}],"line":313},"73":{"loc":{"start":{"line":314,"column":9},"end":{"line":314,"column":58}},"type":"if","locations":[{"start":{"line":314,"column":9},"end":{"line":314,"column":58}},{"start":{},"end":{}}],"line":314},"74":{"loc":{"start":{"line":314,"column":13},"end":{"line":314,"column":38}},"type":"binary-expr","locations":[{"start":{"line":314,"column":13},"end":{"line":314,"column":17}},{"start":{"line":314,"column":21},"end":{"line":314,"column":38}}],"line":314},"75":{"loc":{"start":{"line":316,"column":2},"end":{"line":320,"column":3}},"type":"if","locations":[{"start":{"line":316,"column":2},"end":{"line":320,"column":3}},{"start":{},"end":{}}],"line":316},"76":{"loc":{"start":{"line":316,"column":6},"end":{"line":316,"column":29}},"type":"binary-expr","locations":[{"start":{"line":316,"column":6},"end":{"line":316,"column":17}},{"start":{"line":316,"column":21},"end":{"line":316,"column":29}}],"line":316},"77":{"loc":{"start":{"line":317,"column":17},"end":{"line":317,"column":82}},"type":"binary-expr","locations":[{"start":{"line":317,"column":17},"end":{"line":317,"column":50}},{"start":{"line":317,"column":54},"end":{"line":317,"column":82}}],"line":317},"78":{"loc":{"start":{"line":318,"column":4},"end":{"line":319,"column":58}},"type":"if","locations":[{"start":{"line":318,"column":4},"end":{"line":319,"column":58}},{"start":{"line":319,"column":9},"end":{"line":319,"column":58}}],"line":318},"79":{"loc":{"start":{"line":318,"column":8},"end":{"line":318,"column":52}},"type":"binary-expr","locations":[{"start":{"line":318,"column":8},"end":{"line":318,"column":12}},{"start":{"line":318,"column":16},"end":{"line":318,"column":33}},{"start":{"line":318,"column":37},"end":{"line":318,"column":52}}],"line":318},"80":{"loc":{"start":{"line":319,"column":9},"end":{"line":319,"column":58}},"type":"if","locations":[{"start":{"line":319,"column":9},"end":{"line":319,"column":58}},{"start":{},"end":{}}],"line":319},"81":{"loc":{"start":{"line":319,"column":13},"end":{"line":319,"column":38}},"type":"binary-expr","locations":[{"start":{"line":319,"column":13},"end":{"line":319,"column":17}},{"start":{"line":319,"column":21},"end":{"line":319,"column":38}}],"line":319},"82":{"loc":{"start":{"line":324,"column":4},"end":{"line":326,"column":29}},"type":"binary-expr","locations":[{"start":{"line":324,"column":4},"end":{"line":324,"column":41}},{"start":{"line":325,"column":7},"end":{"line":325,"column":37}},{"start":{"line":326,"column":7},"end":{"line":326,"column":29}}],"line":324},"83":{"loc":{"start":{"line":329,"column":4},"end":{"line":331,"column":29}},"type":"binary-expr","locations":[{"start":{"line":329,"column":4},"end":{"line":329,"column":40}},{"start":{"line":330,"column":7},"end":{"line":330,"column":39}},{"start":{"line":331,"column":7},"end":{"line":331,"column":29}}],"line":329},"84":{"loc":{"start":{"line":334,"column":4},"end":{"line":336,"column":28}},"type":"binary-expr","locations":[{"start":{"line":334,"column":4},"end":{"line":334,"column":40}},{"start":{"line":335,"column":7},"end":{"line":335,"column":38}},{"start":{"line":336,"column":7},"end":{"line":336,"column":28}}],"line":334},"85":{"loc":{"start":{"line":339,"column":4},"end":{"line":341,"column":28}},"type":"binary-expr","locations":[{"start":{"line":339,"column":4},"end":{"line":339,"column":40}},{"start":{"line":340,"column":7},"end":{"line":340,"column":36}},{"start":{"line":341,"column":7},"end":{"line":341,"column":28}}],"line":339},"86":{"loc":{"start":{"line":345,"column":4},"end":{"line":347,"column":49}},"type":"binary-expr","locations":[{"start":{"line":345,"column":4},"end":{"line":345,"column":44}},{"start":{"line":346,"column":7},"end":{"line":346,"column":47}},{"start":{"line":347,"column":7},"end":{"line":347,"column":49}}],"line":345},"87":{"loc":{"start":{"line":349,"column":4},"end":{"line":351,"column":46}},"type":"binary-expr","locations":[{"start":{"line":349,"column":4},"end":{"line":349,"column":43}},{"start":{"line":350,"column":7},"end":{"line":350,"column":46}},{"start":{"line":351,"column":7},"end":{"line":351,"column":46}}],"line":349},"88":{"loc":{"start":{"line":353,"column":4},"end":{"line":354,"column":46}},"type":"binary-expr","locations":[{"start":{"line":353,"column":4},"end":{"line":353,"column":43}},{"start":{"line":354,"column":7},"end":{"line":354,"column":46}}],"line":353},"89":{"loc":{"start":{"line":356,"column":4},"end":{"line":357,"column":46}},"type":"binary-expr","locations":[{"start":{"line":356,"column":4},"end":{"line":356,"column":43}},{"start":{"line":357,"column":7},"end":{"line":357,"column":46}}],"line":356},"90":{"loc":{"start":{"line":360,"column":21},"end":{"line":360,"column":40}},"type":"binary-expr","locations":[{"start":{"line":360,"column":21},"end":{"line":360,"column":28}},{"start":{"line":360,"column":32},"end":{"line":360,"column":40}}],"line":360},"91":{"loc":{"start":{"line":361,"column":23},"end":{"line":361,"column":46}},"type":"binary-expr","locations":[{"start":{"line":361,"column":23},"end":{"line":361,"column":32}},{"start":{"line":361,"column":36},"end":{"line":361,"column":46}}],"line":361},"92":{"loc":{"start":{"line":362,"column":24},"end":{"line":362,"column":45}},"type":"binary-expr","locations":[{"start":{"line":362,"column":24},"end":{"line":362,"column":32}},{"start":{"line":362,"column":36},"end":{"line":362,"column":45}}],"line":362},"93":{"loc":{"start":{"line":363,"column":22},"end":{"line":363,"column":39}},"type":"binary-expr","locations":[{"start":{"line":363,"column":22},"end":{"line":363,"column":28}},{"start":{"line":363,"column":32},"end":{"line":363,"column":39}}],"line":363},"94":{"loc":{"start":{"line":367,"column":2},"end":{"line":374,"column":3}},"type":"if","locations":[{"start":{"line":367,"column":2},"end":{"line":374,"column":3}},{"start":{},"end":{}}],"line":367},"95":{"loc":{"start":{"line":367,"column":6},"end":{"line":367,"column":72}},"type":"binary-expr","locations":[{"start":{"line":367,"column":6},"end":{"line":367,"column":19}},{"start":{"line":367,"column":23},"end":{"line":367,"column":38}},{"start":{"line":367,"column":42},"end":{"line":367,"column":56}},{"start":{"line":367,"column":60},"end":{"line":367,"column":72}}],"line":367},"96":{"loc":{"start":{"line":369,"column":4},"end":{"line":373,"column":5}},"type":"if","locations":[{"start":{"line":369,"column":4},"end":{"line":373,"column":5}},{"start":{},"end":{}}],"line":369},"97":{"loc":{"start":{"line":371,"column":6},"end":{"line":372,"column":31}},"type":"if","locations":[{"start":{"line":371,"column":6},"end":{"line":372,"column":31}},{"start":{"line":372,"column":11},"end":{"line":372,"column":31}}],"line":371},"98":{"loc":{"start":{"line":377,"column":2},"end":{"line":382,"column":3}},"type":"if","locations":[{"start":{"line":377,"column":2},"end":{"line":382,"column":3}},{"start":{},"end":{}}],"line":377},"99":{"loc":{"start":{"line":377,"column":6},"end":{"line":377,"column":72}},"type":"binary-expr","locations":[{"start":{"line":377,"column":6},"end":{"line":377,"column":19}},{"start":{"line":377,"column":23},"end":{"line":377,"column":38}},{"start":{"line":377,"column":42},"end":{"line":377,"column":56}},{"start":{"line":377,"column":60},"end":{"line":377,"column":72}}],"line":377},"100":{"loc":{"start":{"line":378,"column":4},"end":{"line":380,"column":5}},"type":"if","locations":[{"start":{"line":378,"column":4},"end":{"line":380,"column":5}},{"start":{},"end":{}}],"line":378},"101":{"loc":{"start":{"line":386,"column":2},"end":{"line":389,"column":66}},"type":"if","locations":[{"start":{"line":386,"column":2},"end":{"line":389,"column":66}},{"start":{"line":387,"column":7},"end":{"line":389,"column":66}}],"line":386},"102":{"loc":{"start":{"line":386,"column":6},"end":{"line":386,"column":24}},"type":"binary-expr","locations":[{"start":{"line":386,"column":6},"end":{"line":386,"column":12}},{"start":{"line":386,"column":16},"end":{"line":386,"column":24}}],"line":386},"103":{"loc":{"start":{"line":387,"column":7},"end":{"line":389,"column":66}},"type":"if","locations":[{"start":{"line":387,"column":7},"end":{"line":389,"column":66}},{"start":{"line":388,"column":7},"end":{"line":389,"column":66}}],"line":387},"104":{"loc":{"start":{"line":388,"column":7},"end":{"line":389,"column":66}},"type":"if","locations":[{"start":{"line":388,"column":7},"end":{"line":389,"column":66}},{"start":{"line":389,"column":7},"end":{"line":389,"column":66}}],"line":388},"105":{"loc":{"start":{"line":389,"column":7},"end":{"line":389,"column":66}},"type":"if","locations":[{"start":{"line":389,"column":7},"end":{"line":389,"column":66}},{"start":{},"end":{}}],"line":389},"106":{"loc":{"start":{"line":389,"column":11},"end":{"line":389,"column":44}},"type":"binary-expr","locations":[{"start":{"line":389,"column":11},"end":{"line":389,"column":26}},{"start":{"line":389,"column":30},"end":{"line":389,"column":44}}],"line":389},"107":{"loc":{"start":{"line":397,"column":4},"end":{"line":397,"column":36}},"type":"if","locations":[{"start":{"line":397,"column":4},"end":{"line":397,"column":36}},{"start":{},"end":{}}],"line":397},"108":{"loc":{"start":{"line":409,"column":2},"end":{"line":409,"column":28}},"type":"if","locations":[{"start":{"line":409,"column":2},"end":{"line":409,"column":28}},{"start":{},"end":{}}],"line":409},"109":{"loc":{"start":{"line":412,"column":25},"end":{"line":412,"column":44}},"type":"binary-expr","locations":[{"start":{"line":412,"column":25},"end":{"line":412,"column":35}},{"start":{"line":412,"column":39},"end":{"line":412,"column":44}}],"line":412},"110":{"loc":{"start":{"line":412,"column":48},"end":{"line":412,"column":67}},"type":"binary-expr","locations":[{"start":{"line":412,"column":48},"end":{"line":412,"column":58}},{"start":{"line":412,"column":62},"end":{"line":412,"column":67}}],"line":412},"111":{"loc":{"start":{"line":412,"column":75},"end":{"line":412,"column":94}},"type":"binary-expr","locations":[{"start":{"line":412,"column":75},"end":{"line":412,"column":87}},{"start":{"line":412,"column":91},"end":{"line":412,"column":94}}],"line":412},"112":{"loc":{"start":{"line":412,"column":102},"end":{"line":412,"column":123}},"type":"binary-expr","locations":[{"start":{"line":412,"column":102},"end":{"line":412,"column":116}},{"start":{"line":412,"column":120},"end":{"line":412,"column":123}}],"line":412},"113":{"loc":{"start":{"line":412,"column":130},"end":{"line":412,"column":150}},"type":"binary-expr","locations":[{"start":{"line":412,"column":130},"end":{"line":412,"column":143}},{"start":{"line":412,"column":147},"end":{"line":412,"column":150}}],"line":412},"114":{"loc":{"start":{"line":412,"column":157},"end":{"line":412,"column":175}},"type":"binary-expr","locations":[{"start":{"line":412,"column":157},"end":{"line":412,"column":168}},{"start":{"line":412,"column":172},"end":{"line":412,"column":175}}],"line":412},"115":{"loc":{"start":{"line":418,"column":17},"end":{"line":418,"column":35}},"type":"binary-expr","locations":[{"start":{"line":418,"column":17},"end":{"line":418,"column":27}},{"start":{"line":418,"column":31},"end":{"line":418,"column":35}}],"line":418},"116":{"loc":{"start":{"line":419,"column":17},"end":{"line":419,"column":35}},"type":"binary-expr","locations":[{"start":{"line":419,"column":17},"end":{"line":419,"column":27}},{"start":{"line":419,"column":31},"end":{"line":419,"column":35}}],"line":419},"117":{"loc":{"start":{"line":421,"column":14},"end":{"line":421,"column":34}},"type":"binary-expr","locations":[{"start":{"line":421,"column":14},"end":{"line":421,"column":26}},{"start":{"line":421,"column":30},"end":{"line":421,"column":34}}],"line":421},"118":{"loc":{"start":{"line":422,"column":16},"end":{"line":422,"column":38}},"type":"binary-expr","locations":[{"start":{"line":422,"column":16},"end":{"line":422,"column":30}},{"start":{"line":422,"column":34},"end":{"line":422,"column":38}}],"line":422},"119":{"loc":{"start":{"line":423,"column":15},"end":{"line":423,"column":36}},"type":"binary-expr","locations":[{"start":{"line":423,"column":15},"end":{"line":423,"column":28}},{"start":{"line":423,"column":32},"end":{"line":423,"column":36}}],"line":423},"120":{"loc":{"start":{"line":424,"column":13},"end":{"line":424,"column":32}},"type":"binary-expr","locations":[{"start":{"line":424,"column":13},"end":{"line":424,"column":24}},{"start":{"line":424,"column":28},"end":{"line":424,"column":32}}],"line":424}},"s":{"0":1,"1":2,"2":0,"3":2,"4":2,"5":0,"6":2,"7":2,"8":0,"9":12,"10":0,"11":12,"12":12,"13":12,"14":12,"15":0,"16":0,"17":0,"18":0,"19":0,"20":1,"21":1,"22":252,"23":252,"24":252,"25":576,"26":576,"27":576,"28":19,"29":19,"30":19,"31":217,"32":217,"33":217,"34":199,"35":18,"36":18,"37":0,"38":18,"39":18,"40":18,"41":18,"42":2,"43":16,"44":413,"45":387,"46":26,"47":26,"48":0,"49":26,"50":26,"51":0,"52":26,"53":216,"54":216,"55":216,"56":23,"57":193,"58":193,"59":1,"60":1,"61":1,"62":1,"63":0,"64":0,"65":0,"66":0,"67":192,"68":192,"69":192,"70":0,"71":192,"72":192,"73":192,"74":0,"75":0,"76":0,"77":192,"78":11,"79":0,"80":11,"81":11,"82":0,"83":14,"84":14,"85":11,"86":3,"87":3,"88":1,"89":2,"90":2,"91":2,"92":2,"93":2,"94":2,"95":1,"96":2,"97":2,"98":2,"99":1,"100":2,"101":1,"102":1,"103":1,"104":1,"105":1,"106":1,"107":14,"108":5,"109":5,"110":14,"111":14,"112":14,"113":14,"114":13,"115":14,"116":14,"117":1,"118":13,"119":13,"120":13,"121":13,"122":13,"123":14,"124":14,"125":14,"126":11,"127":14,"128":0,"129":0,"130":0,"131":14,"132":14,"133":14,"134":2,"135":12,"136":12,"137":0,"138":12,"139":12,"140":12,"141":12,"142":12,"143":1,"144":1,"145":1,"146":12,"147":8,"148":8,"149":1,"150":12,"151":0,"152":0,"153":0,"154":0,"155":0,"156":12,"157":0,"158":0,"159":0,"160":0,"161":0,"162":12,"163":12,"164":12,"165":12,"166":12,"167":12,"168":12,"169":12,"170":12,"171":12,"172":12,"173":12,"174":12,"175":12,"176":2,"177":2,"178":1,"179":1,"180":1,"181":0,"182":12,"183":1,"184":1,"185":1,"186":11,"187":11,"188":4,"189":7,"190":2,"191":5,"192":3,"193":2,"194":1,"195":11,"196":25,"197":25,"198":11,"199":0,"200":11,"201":14,"202":11,"203":11,"204":11,"205":11,"206":0,"207":11,"208":11,"209":1},"f":{"0":2,"1":12,"2":252,"3":576,"4":19,"5":217,"6":413,"7":216,"8":11,"9":14,"10":2,"11":1,"12":1,"13":14,"14":14,"15":11,"16":25,"17":25,"18":14},"b":{"0":[0,2],"1":[0,2],"2":[2,0],"3":[2,2,2],"4":[0,12],"5":[12,0],"6":[0,0],"7":[50,202],"8":[0,576],"9":[5,14],"10":[199,18],"11":[0,18],"12":[2,16],"13":[387,26],"14":[0,26],"15":[0,26],"16":[216,193],"17":[23,193],"18":[216,23],"19":[1,192],"20":[1,0,0,0,0],"21":[1,0],"22":[1,0],"23":[1,1],"24":[0,0,0],"25":[0,0],"26":[0,0],"27":[0,0],"28":[192,192,192],"29":[192,192],"30":[0,192],"31":[192,0],"32":[0,192],"33":[0,0],"34":[0,0],"35":[0,11],"36":[14,3,3],"37":[11,3],"38":[3,2],"39":[1,2],"40":[0,2],"41":[2,1],"42":[1,1],"43":[2,1],"44":[2,1],"45":[2,1],"46":[1,1],"47":[2,1],"48":[1,1],"49":[1,1],"50":[5,9],"51":[1,13],"52":[0,13],"53":[11,3],"54":[0,14],"55":[14,3],"56":[3,3],"57":[0,0],"58":[2,12],"59":[0,12],"60":[11,1],"61":[4,8],"62":[1,11],"63":[1,0,1],"64":[1,0],"65":[8,4],"66":[8,0,8],"67":[1,7],"68":[0,12],"69":[12,0],"70":[0,0],"71":[0,0],"72":[0,0,0],"73":[0,0],"74":[0,0],"75":[0,12],"76":[12,7],"77":[0,0],"78":[0,0],"79":[0,0,0],"80":[0,0],"81":[0,0],"82":[12,3,3],"83":[12,6,6],"84":[12,8,8],"85":[12,8,8],"86":[12,11,11],"87":[12,12,12],"88":[12,12],"89":[12,12],"90":[12,3],"91":[12,6],"92":[12,8],"93":[12,8],"94":[2,10],"95":[12,2,2,2],"96":[1,1],"97":[1,0],"98":[1,11],"99":[12,2,1,1],"100":[1,0],"101":[4,7],"102":[11,7],"103":[2,5],"104":[3,2],"105":[1,1],"106":[2,1],"107":[0,11],"108":[0,11],"109":[11,0],"110":[11,6],"111":[11,1],"112":[11,4],"113":[11,7],"114":[11,7],"115":[11,0],"116":[11,6],"117":[11,1],"118":[11,4],"119":[11,7],"120":[11,7]},"_coverageSchema":"1a1c01bbd47fc00a2c39e90264f33305004495a9","hash":"2c00c795217697257aeb6e993ef114a879e4a073"}
}
