TN:
SF:parser.js
FN:406,aptIata
FN:415,normalizeAcid
FN:425,attr
FN:431,celem
FN:438,celemAttr
FN:445,parseTime
FN:461,parseDMS
FN:472,parseTfmMessage
FNF:8
FNH:8
FNDA:18,aptIata
FNDA:10,normalizeAcid
FNDA:109,attr
FNDA:81,celem
FNDA:26,celemAttr
FNDA:36,parseTime
FNDA:18,parseDMS
FNDA:10,parseTfmMessage
DA:22,1
DA:65,1
DA:387,1
DA:407,18
DA:408,18
DA:409,18
DA:410,18
DA:411,18
DA:412,0
DA:416,10
DA:417,10
DA:418,10
DA:419,9
DA:420,9
DA:421,9
DA:426,109
DA:427,109
DA:432,81
DA:433,81
DA:434,81
DA:439,26
DA:440,26
DA:441,26
DA:446,36
DA:447,22
DA:448,22
DA:449,22
DA:452,0
DA:453,0
DA:454,0
DA:455,0
DA:457,0
DA:462,18
DA:463,18
DA:464,18
DA:465,8
DA:466,8
DA:467,8
DA:473,10
DA:474,9
DA:477,9
DA:479,9
DA:480,10
DA:481,10
DA:484,10
DA:485,10
DA:486,10
DA:487,10
DA:489,9
DA:490,9
DA:491,9
DA:494,9
DA:495,9
DA:496,9
DA:497,9
DA:500,9
DA:501,9
DA:506,9
DA:509,9
DA:510,9
DA:513,9
DA:517,9
DA:524,9
DA:525,9
DA:526,9
DA:527,9
DA:528,9
DA:531,9
DA:535,9
DA:540,9
DA:541,9
DA:542,9
DA:543,9
DA:544,9
DA:545,9
DA:546,9
DA:548,9
DA:585,9
DA:588,1
LF:79
LH:73
BRDA:407,0,0,0
BRDA:407,0,1,18
BRDA:409,1,0,0
BRDA:409,1,1,18
BRDA:410,2,0,0
BRDA:410,2,1,18
BRDA:411,3,0,18
BRDA:411,3,1,0
BRDA:411,4,0,18
BRDA:411,4,1,18
BRDA:416,5,0,0
BRDA:416,5,1,10
BRDA:418,6,0,1
BRDA:418,6,1,9
BRDA:419,7,0,0
BRDA:419,7,1,9
BRDA:421,8,0,9
BRDA:421,8,1,0
BRDA:427,9,0,67
BRDA:427,9,1,42
BRDA:434,10,0,18
BRDA:434,10,1,63
BRDA:441,11,0,5
BRDA:441,11,1,21
BRDA:446,12,0,14
BRDA:446,12,1,22
BRDA:447,13,0,22
BRDA:447,13,1,0
BRDA:448,14,0,22
BRDA:448,14,1,0
BRDA:449,15,0,0
BRDA:449,15,1,22
BRDA:452,16,0,0
BRDA:452,16,1,0
BRDA:455,17,0,0
BRDA:455,17,1,0
BRDA:464,18,0,10
BRDA:464,18,1,8
BRDA:467,19,0,4
BRDA:467,19,1,4
BRDA:473,20,0,1
BRDA:473,20,1,9
BRDA:485,21,0,0
BRDA:485,21,1,10
BRDA:487,22,0,1
BRDA:487,22,1,9
BRDA:489,23,0,9
BRDA:489,23,1,0
BRDA:490,24,0,9
BRDA:490,24,1,0
BRDA:490,24,2,0
BRDA:491,25,0,9
BRDA:491,25,1,0
BRDA:494,26,0,9
BRDA:494,26,1,0
BRDA:494,26,2,0
BRDA:495,27,0,9
BRDA:495,27,1,0
BRDA:495,27,2,0
BRDA:506,28,0,9
BRDA:506,28,1,0
BRDA:506,29,0,0
BRDA:506,29,1,0
BRDA:513,30,0,9
BRDA:513,30,1,8
BRDA:513,30,2,8
BRDA:517,31,0,9
BRDA:517,31,1,9
BRDA:517,31,2,9
BRDA:517,31,3,9
BRDA:517,31,4,8
BRDA:524,32,0,9
BRDA:524,32,1,5
BRDA:524,33,0,9
BRDA:524,33,1,5
BRDA:525,34,0,9
BRDA:525,34,1,5
BRDA:525,35,0,9
BRDA:525,35,1,5
BRDA:531,36,0,9
BRDA:531,36,1,9
BRDA:535,37,0,9
BRDA:535,37,1,9
BRDA:535,37,2,9
BRDA:540,38,0,9
BRDA:540,38,1,8
BRDA:541,39,0,9
BRDA:541,39,1,0
BRDA:542,40,0,9
BRDA:542,40,1,8
BRDA:543,41,0,9
BRDA:543,41,1,0
BRDA:543,41,2,0
BRDA:544,42,0,9
BRDA:544,42,1,0
BRDA:544,43,0,9
BRDA:544,43,1,0
BRDA:545,44,0,9
BRDA:545,44,1,8
BRDA:545,44,2,0
BRDA:546,45,0,9
BRDA:546,45,1,8
BRDA:546,46,0,9
BRDA:546,46,1,8
BRF:104
BRH:72
end_of_record
TN:
SF:sfdps-parser.js
FN:46,normalizeAerodromeCode
FN:56,icaoToIata
FN:81,getEl
FN:88,getAttr
FN:98,getOpenTagAttr
FN:105,getBlock
FN:120,normalizeIsoFragment
FN:135,getIsoTime
FN:180,utcDate
FN:188,getAircraftCallsign
FN:205,getNasFallbackTime
FN:218,(anonymous_11)
FN:222,isAirborneNasFragment
FN:230,parseSfdpsMessage
FN:281,parseFlight
FN:392,earliestIsoString
FN:395,(anonymous_16)
FN:396,(anonymous_17)
FN:398,(anonymous_18)
FNF:19
FNH:19
FNDA:2,normalizeAerodromeCode
FNDA:12,icaoToIata
FNDA:252,getEl
FNDA:576,getAttr
FNDA:19,getOpenTagAttr
FNDA:217,getBlock
FNDA:413,normalizeIsoFragment
FNDA:216,getIsoTime
FNDA:11,utcDate
FNDA:14,getAircraftCallsign
FNDA:2,getNasFallbackTime
FNDA:1,(anonymous_11)
FNDA:1,isAirborneNasFragment
FNDA:14,parseSfdpsMessage
FNDA:14,parseFlight
FNDA:11,earliestIsoString
FNDA:25,(anonymous_16)
FNDA:25,(anonymous_17)
FNDA:14,(anonymous_18)
DA:18,1
DA:47,2
DA:48,2
DA:49,2
DA:51,2
DA:52,0
DA:57,12
DA:58,12
DA:60,12
DA:61,12
DA:63,0
DA:64,0
DA:65,0
DA:66,0
DA:70,1
DA:71,1
DA:82,252
DA:83,252
DA:84,252
DA:89,576
DA:90,576
DA:91,576
DA:99,19
DA:100,19
DA:101,19
DA:106,217
DA:107,217
DA:108,217
DA:110,18
DA:111,18
DA:112,18
DA:113,18
DA:114,18
DA:115,18
DA:116,16
DA:121,413
DA:122,26
DA:123,26
DA:124,26
DA:125,26
DA:126,26
DA:136,216
DA:137,216
DA:138,216
DA:140,193
DA:141,193
DA:143,1
DA:148,1
DA:149,1
DA:152,0
DA:155,0
DA:156,0
DA:160,192
DA:163,192
DA:164,192
DA:166,192
DA:170,192
DA:171,192
DA:172,0
DA:173,0
DA:175,192
DA:181,11
DA:182,11
DA:183,11
DA:184,0
DA:190,14
DA:193,14
DA:196,3
DA:198,3
DA:200,2
DA:201,2
DA:206,2
DA:207,2
DA:208,2
DA:209,2
DA:212,2
DA:214,2
DA:215,2
DA:217,2
DA:218,1
DA:219,1
DA:223,1
DA:227,1
DA:232,14
DA:233,5
DA:234,5
DA:237,14
DA:240,14
DA:242,14
DA:243,14
DA:244,13
DA:248,14
DA:249,14
DA:250,1
DA:252,13
DA:253,13
DA:254,13
DA:255,13
DA:259,14
DA:260,14
DA:261,14
DA:264,14
DA:269,0
DA:270,0
DA:273,0
DA:278,14
DA:283,14
DA:284,14
DA:286,12
DA:287,12
DA:290,12
DA:291,12
DA:293,12
DA:294,12
DA:297,12
DA:299,1
DA:301,1
DA:303,12
DA:305,8
DA:307,8
DA:311,12
DA:312,0
DA:313,0
DA:314,0
DA:316,12
DA:317,0
DA:318,0
DA:319,0
DA:324,12
DA:329,12
DA:334,12
DA:339,12
DA:345,12
DA:349,12
DA:353,12
DA:356,12
DA:360,12
DA:361,12
DA:362,12
DA:363,12
DA:366,12
DA:367,12
DA:368,2
DA:369,2
DA:370,1
DA:371,1
DA:372,0
DA:377,12
DA:378,1
DA:379,1
DA:381,1
DA:385,11
DA:386,11
DA:387,7
DA:388,5
DA:389,2
DA:393,11
DA:395,25
DA:396,25
DA:397,11
DA:398,14
DA:399,11
DA:402,11
DA:408,11
DA:409,11
DA:411,11
DA:415,11
DA:429,1
LF:168
LH:147
BRDA:47,0,0,0
BRDA:47,0,1,2
BRDA:49,1,0,0
BRDA:49,1,1,2
BRDA:51,2,0,2
BRDA:51,2,1,0
BRDA:51,3,0,2
BRDA:51,3,1,2
BRDA:51,3,2,2
BRDA:57,4,0,0
BRDA:57,4,1,12
BRDA:61,5,0,12
BRDA:61,5,1,0
BRDA:65,6,0,0
BRDA:65,6,1,0
BRDA:84,7,0,50
BRDA:84,7,1,202
BRDA:91,8,0,0
BRDA:91,8,1,576
BRDA:101,9,0,5
BRDA:101,9,1,14
BRDA:108,10,0,199
BRDA:108,10,1,18
BRDA:111,11,0,0
BRDA:111,11,1,18
BRDA:115,12,0,2
BRDA:115,12,1,16
BRDA:121,13,0,387
BRDA:121,13,1,26
BRDA:123,14,0,0
BRDA:123,14,1,26
BRDA:125,15,0,0
BRDA:125,15,1,26
BRDA:137,16,0,216
BRDA:137,16,1,193
BRDA:138,17,0,23
BRDA:138,17,1,193
BRDA:138,18,0,216
BRDA:138,18,1,23
BRDA:141,19,0,1
BRDA:141,19,1,192
BRDA:143,20,0,1
BRDA:143,20,1,0
BRDA:143,20,2,0
BRDA:143,20,3,0
BRDA:143,20,4,0
BRDA:148,21,0,1
BRDA:148,21,1,0
BRDA:149,22,0,1
BRDA:149,22,1,0
BRDA:149,23,0,1
BRDA:149,23,1,1
BRDA:152,24,0,0
BRDA:152,24,1,0
BRDA:152,24,2,0
BRDA:155,25,0,0
BRDA:155,25,1,0
BRDA:156,26,0,0
BRDA:156,26,1,0
BRDA:156,27,0,0
BRDA:156,27,1,0
BRDA:160,28,0,192
BRDA:160,28,1,192
BRDA:160,28,2,192
BRDA:163,29,0,192
BRDA:163,29,1,192
BRDA:164,30,0,0
BRDA:164,30,1,192
BRDA:164,31,0,192
BRDA:164,31,1,0
BRDA:171,32,0,0
BRDA:171,32,1,192
BRDA:173,33,0,0
BRDA:173,33,1,0
BRDA:173,34,0,0
BRDA:173,34,1,0
BRDA:181,35,0,0
BRDA:181,35,1,11
BRDA:190,36,0,14
BRDA:190,36,1,3
BRDA:190,36,2,3
BRDA:193,37,0,11
BRDA:193,37,1,3
BRDA:196,38,0,3
BRDA:196,38,1,2
BRDA:198,39,0,1
BRDA:198,39,1,2
BRDA:201,40,0,0
BRDA:201,40,1,2
BRDA:208,41,0,2
BRDA:208,41,1,1
BRDA:209,42,0,1
BRDA:209,42,1,1
BRDA:209,43,0,2
BRDA:209,43,1,1
BRDA:212,44,0,2
BRDA:212,44,1,1
BRDA:214,45,0,2
BRDA:214,45,1,1
BRDA:215,46,0,1
BRDA:215,46,1,1
BRDA:215,47,0,2
BRDA:215,47,1,1
BRDA:217,48,0,1
BRDA:217,48,1,1
BRDA:223,49,0,1
BRDA:223,49,1,1
BRDA:232,50,0,5
BRDA:232,50,1,9
BRDA:249,51,0,1
BRDA:249,51,1,13
BRDA:254,52,0,0
BRDA:254,52,1,13
BRDA:261,53,0,11
BRDA:261,53,1,3
BRDA:264,54,0,0
BRDA:264,54,1,14
BRDA:265,55,0,14
BRDA:265,55,1,3
BRDA:266,56,0,3
BRDA:266,56,1,3
BRDA:269,57,0,0
BRDA:269,57,1,0
BRDA:284,58,0,2
BRDA:284,58,1,12
BRDA:287,59,0,0
BRDA:287,59,1,12
BRDA:293,60,0,11
BRDA:293,60,1,1
BRDA:294,61,0,4
BRDA:294,61,1,8
BRDA:297,62,0,1
BRDA:297,62,1,11
BRDA:299,63,0,1
BRDA:299,63,1,0
BRDA:299,63,2,1
BRDA:301,64,0,1
BRDA:301,64,1,0
BRDA:303,65,0,8
BRDA:303,65,1,4
BRDA:305,66,0,8
BRDA:305,66,1,0
BRDA:305,66,2,8
BRDA:307,67,0,1
BRDA:307,67,1,7
BRDA:311,68,0,0
BRDA:311,68,1,12
BRDA:311,69,0,12
BRDA:311,69,1,0
BRDA:312,70,0,0
BRDA:312,70,1,0
BRDA:313,71,0,0
BRDA:313,71,1,0
BRDA:313,72,0,0
BRDA:313,72,1,0
BRDA:313,72,2,0
BRDA:314,73,0,0
BRDA:314,73,1,0
BRDA:314,74,0,0
BRDA:314,74,1,0
BRDA:316,75,0,0
BRDA:316,75,1,12
BRDA:316,76,0,12
BRDA:316,76,1,7
BRDA:317,77,0,0
BRDA:317,77,1,0
BRDA:318,78,0,0
BRDA:318,78,1,0
BRDA:318,79,0,0
BRDA:318,79,1,0
BRDA:318,79,2,0
BRDA:319,80,0,0
BRDA:319,80,1,0
BRDA:319,81,0,0
BRDA:319,81,1,0
BRDA:324,82,0,12
BRDA:324,82,1,3
BRDA:324,82,2,3
BRDA:329,83,0,12
BRDA:329,83,1,6
BRDA:329,83,2,6
BRDA:334,84,0,12
BRDA:334,84,1,8
BRDA:334,84,2,8
BRDA:339,85,0,12
BRDA:339,85,1,8
BRDA:339,85,2,8
BRDA:345,86,0,12
BRDA:345,86,1,11
BRDA:345,86,2,11
BRDA:349,87,0,12
BRDA:349,87,1,12
BRDA:349,87,2,12
BRDA:353,88,0,12
BRDA:353,88,1,12
BRDA:356,89,0,12
BRDA:356,89,1,12
BRDA:360,90,0,12
BRDA:360,90,1,3
BRDA:361,91,0,12
BRDA:361,91,1,6
BRDA:362,92,0,12
BRDA:362,92,1,8
BRDA:363,93,0,12
BRDA:363,93,1,8
BRDA:367,94,0,2
BRDA:367,94,1,10
BRDA:367,95,0,12
BRDA:367,95,1,2
BRDA:367,95,2,2
BRDA:367,95,3,2
BRDA:369,96,0,1
BRDA:369,96,1,1
BRDA:371,97,0,1
BRDA:371,97,1,0
BRDA:377,98,0,1
BRDA:377,98,1,11
BRDA:377,99,0,12
BRDA:377,99,1,2
BRDA:377,99,2,1
BRDA:377,99,3,1
BRDA:378,100,0,1
BRDA:378,100,1,0
BRDA:386,101,0,4
BRDA:386,101,1,7
BRDA:386,102,0,11
BRDA:386,102,1,7
BRDA:387,103,0,2
BRDA:387,103,1,5
BRDA:388,104,0,3
BRDA:388,104,1,2
BRDA:389,105,0,1
BRDA:389,105,1,1
BRDA:389,106,0,2
BRDA:389,106,1,1
BRDA:397,107,0,0
BRDA:397,107,1,11
BRDA:409,108,0,0
BRDA:409,108,1,11
BRDA:412,109,0,11
BRDA:412,109,1,0
BRDA:412,110,0,11
BRDA:412,110,1,6
BRDA:412,111,0,11
BRDA:412,111,1,1
BRDA:412,112,0,11
BRDA:412,112,1,4
BRDA:412,113,0,11
BRDA:412,113,1,7
BRDA:412,114,0,11
BRDA:412,114,1,7
BRDA:418,115,0,11
BRDA:418,115,1,0
BRDA:419,116,0,11
BRDA:419,116,1,6
BRDA:421,117,0,11
BRDA:421,117,1,1
BRDA:422,118,0,11
BRDA:422,118,1,4
BRDA:423,119,0,11
BRDA:423,119,1,7
BRDA:424,120,0,11
BRDA:424,120,1,7
BRF:263
BRH:189
end_of_record
